INFO: Loading 'LIB_STA.tcl'...
###########################################################
# STA2HTM LIBRARY ver.2020.07                             #
###########################################################
INFO: STA2HTM = /home/toolsadm/GITHOME/sta2htm
INFO: Loading 'STA_PLOT.tcl'...
INFO: Loading 'STA_HTML.tcl'...
INFO: Loading 'STA_CHART.tcl'...
INFO: Loading 'STA_CORNER.tcl'...
INFO: Loading 'LIB_WAIVE.tcl'...
INFO: Loading 'STA_PT.tcl'...
INFO: Loading 'STA_MERGE.tcl'...
INFO: Loading 'STA_HISTOGRAM.tcl'...
INFO: Loading 'STA_CLOCK.tcl'...
INFO: Loading 'STA_BLOCK.tcl'...
INFO: Loading 'STA_GROUP.tcl'...
INFO: Loading 'STA_COMP.tcl'...
INFO: Loading 'STA_TREND.tcl'...
INFO: Parsing Arguments..
INFO: Reading config file 'STA/.sta/sta2htm.cfg'...
INFO: Reading config file '.sta/sta2htm.cfg'...
INFO: Reading corner table file '.sta/sta2htm.corner'...
CORNER:  000 => 000_TT
CORNER:  151 => 151_ML
CORNER:  157 => 157_BC
CORNER:  231 => 231_WCL
CORNER:  258 => 258_WC
INFO: Total 5 corners.

MODE: func setup
INFO: Parsing Timing Report Files (setup)...
(1) 000	000_TT	STA/func/000_TT/setup.rpt
	:   Report : constraint -path slack_only (Line# 2)
	:   max_delay/setup ('VCLK_APB' group)
	:   max_delay/setup ('VCLK_FLH' group)
	:   max_delay/setup ('VCLK_MCU08' group)
	:   Path# 8 , Line# 31
	:   WNS = -57.43
	:   TNS = -194.64
	:   NVP = 8
	:   NMP = 0
	:   NWP = 0

INFO: Generating Slack Summary Report..
	: ========== ========== ========== ========== ==========================
	:        NVP     WAIVED      NVP-W        WNS PathGroup
	: ========== ========== ========== ========== ==========================
	:          4          0          4     -54.31  VCLK_APB
	:          3          0          3     -57.43  VCLK_FLH
	:          1          0          1      -4.06  VCLK_MCU08
(2) 157	157_BC	STA/func/157_BC/setup.rpt
	:   Path# 0 , Line# 1
	:   WNS = 0.0
	:   TNS = 0.0
	:   NVP = 0
	:   NMP = 0
	:   NWP = 0

INFO: Generating Slack Summary Report..
	: ========== ========== ========== ========== ==========================
	:        NVP     WAIVED      NVP-W        WNS PathGroup
	: ========== ========== ========== ========== ==========================
(3) 231	231_WCL	STA/func/231_WCL/setup.rpt
	:   Report : constraint -path slack_only (Line# 2)
	:   max_delay/setup ('VCLK_APB' group)
	:   max_delay/setup ('VCLK_CAN' group)
	:   max_delay/setup ('VCLK_DO' group)
	:   max_delay/setup ('VCLK_FLH' group)
	:   max_delay/setup ('VCLK_MCU08' group)
	:   Path# 28 , Line# 61
	:   WNS = -114.56
	:   TNS = -656.93
	:   NVP = 28
	:   NMP = 0
	:   NWP = 0

INFO: Generating Slack Summary Report..
	: ========== ========== ========== ========== ==========================
	:        NVP     WAIVED      NVP-W        WNS PathGroup
	: ========== ========== ========== ========== ==========================
	:         13          0         13     -44.00  VCLK_APB
	:          2          0          2    -114.56  VCLK_CAN
	:          9          0          9      -9.43  VCLK_DO
	:          3          0          3     -97.43  VCLK_FLH
	:          1          0          1      -8.06  VCLK_MCU08
(4) 258	258_WC	STA/func/258_WC/setup.rpt
	:   Report : constraint -path slack_only (Line# 2)
	:   max_delay/setup ('VCLK_APB' group)
	:   max_delay/setup ('VCLK_CAN' group)
	:   max_delay/setup ('VCLK_DO' group)
	:   max_delay/setup ('VCLK_FLH' group)
	:   max_delay/setup ('VCLK_MCU08' group)
	:   Path# 28 , Line# 61
	:   WNS = -84.05
	:   TNS = -422.68
	:   NVP = 28
	:   NMP = 0
	:   NWP = 0

INFO: Generating Slack Summary Report..
	: ========== ========== ========== ========== ==========================
	:        NVP     WAIVED      NVP-W        WNS PathGroup
	: ========== ========== ========== ========== ==========================
	:         13          0         13     -84.05  VCLK_APB
	:          2          0          2     -14.56  VCLK_CAN
	:          9          0          9      -9.43  VCLK_DO
	:          3          0          3     -77.43  VCLK_FLH
	:          1          0          1      -5.06  VCLK_MCU08
INFO: STA_CORNER(scan,setup) is not defined...
INFO(func): Merging slack files of multiple corners ...
(000)	: uniq_end/func/setup/000_TT.vio
(157)	: uniq_end/func/setup/157_BC.vio
(231)	: uniq_end/func/setup/231_WCL.vio
(258)	: uniq_end/func/setup/258_WC.vio
INFO(func): Generating waived endpoint TEXT format report..
INFO(func): Generating unique endpoint TEXT format report..
INFO(func): Generating unique endpoint HTML format report..
INFO(func): Generating waived endpoint HTML format report..
INFO(func): 5 Clocks
INFO(func): 0 blocks
INFO: Generating Slack Summary Report..
	: ========== ========== ========== ========== ==========================
	:        NVP     WAIVED      NVP-W        WNS PathGroup
	: ========== ========== ========== ========== ==========================
	:         13          0         13     -84.05  VCLK_APB
	:          2          0          2    -114.56  VCLK_CAN
	:          9          0          9      -9.43  VCLK_DO
	:          3          0          3     -97.43  VCLK_FLH
	:          1          0          1      -8.06  VCLK_MCU08
INFO: Generating Violation Statistics Graph (uniq_end/func/setup)...
	:uniq_end/func/setup.nvp_wns.png

MODE: func hold
INFO: Parsing Timing Report Files (hold)...
(1) 000	000_TT	STA/func/000_TT/hold.rpt
	:   Report : constraint -path slack_only (Line# 2)
	:   min_delay/hold ('CLK_VIP' group)
	:   min_delay/hold ('CLK_VIP_DIV2' group)
	:   Path# 13 , Line# 34
	:   WNS = -125.26
	:   TNS = -580.13
	:   NVP = 13
	:   NMP = 0
	:   NWP = 0

INFO: Generating Slack Summary Report..
	: ========== ========== ========== ========== ==========================
	:        NVP     WAIVED      NVP-W        WNS PathGroup
	: ========== ========== ========== ========== ==========================
	:          8          0          8    -125.26  CLK_VIP
	:          5          0          5     -15.61  CLK_VIP_DIV2
(2) 151	151_ML	STA/func/151_ML/hold.rpt
	:   Report : constraint -path slack_only (Line# 2)
	:   min_delay/hold ('CLK_DI_ISP' group)
	:   min_delay/hold ('CLK_MCU' group)
	:   min_delay/hold ('CLK_VAE' group)
	:   min_delay/hold ('CLK_VIDEO_DIV2_ISP' group)
	:   min_delay/hold ('CLK_VIDEO_ISP' group)
	:   Path# 20 , Line# 54
	:   WNS = -1.77
	:   TNS = -17.65
	:   NVP = 20
	:   NMP = 0
	:   NWP = 0

INFO: Generating Slack Summary Report..
	: ========== ========== ========== ========== ==========================
	:        NVP     WAIVED      NVP-W        WNS PathGroup
	: ========== ========== ========== ========== ==========================
	:          3          0          3      -0.90  CLK_DI_ISP
	:         10          0         10      -1.57  CLK_MCU
	:          2          0          2      -0.58  CLK_VAE
	:          4          0          4      -1.77  CLK_VIDEO_DIV2_ISP
	:          1          0          1      -1.76  CLK_VIDEO_ISP
(3) 157	157_BC	STA/func/157_BC/hold.rpt
	:   Report : constraint -path slack_only (Line# 2)
	:   min_delay/hold ('clock_gating_default' group)
	:   min_delay/hold ('CLK_DI_ISP' group)
	:   min_delay/hold ('CLK_MCU' group)
	:   min_delay/hold ('CLK_VAE' group)
	:   min_delay/hold ('CLK_VIDEO_DIV2_ISP' group)
	:   min_delay/hold ('CLK_VIDEO_ISP' group)
	:   min_delay/hold ('CLK_VIP' group)
	:   min_delay/hold ('CLK_XTAL_MCU' group)
	:   Path# 33 , Line# 91
	:   WNS = -1.48
	:   TNS = -20.69
	:   NVP = 33
	:   NMP = 0
	:   NWP = 0

INFO: Generating Slack Summary Report..
	: ========== ========== ========== ========== ==========================
	:        NVP     WAIVED      NVP-W        WNS PathGroup
	: ========== ========== ========== ========== ==========================
	:          2          0          2      -1.05  **clock_gating_default**
	:          3          0          3      -0.82  CLK_DI_ISP
	:         10          0         10      -1.47  CLK_MCU
	:          1          0          1      -0.48  CLK_VAE
	:          3          0          3      -0.82  CLK_VIDEO_DIV2_ISP
	:          3          0          3      -0.82  CLK_VIDEO_ISP
	:          1          0          1      -0.50  CLK_VIP
	:         10          0         10      -1.48  CLK_XTAL_MCU
(4) 258	258_WC	STA/func/258_WC/hold.rpt
	:   Report : constraint -verbose (Line# 2)
	:   Path# 3 , Line# 143
	:   WNS = -50.81
	:   TNS = -115.31
	:   NVP = 3
	:   NMP = 0
	:   NWP = 0

INFO: Generating Slack Summary Report..
	: ========== ========== ========== ========== ==========================
	:        NVP     WAIVED      NVP-W        WNS PathGroup
	: ========== ========== ========== ========== ==========================
	:          3          0          3     -50.81  CLK_DDR_PHY_pub_ctl_0

MODE: scan hold
INFO: Parsing Timing Report Files (hold)...
(1) 000	000_TT	STA/scan/000_TT/hold.rpt
	:   Report : constraint -path slack_only (Line# 2)
	:   min_delay/hold ('OCC4' group)
	:   Path# 6 , Line# 19
	:   WNS = -125.26
	:   TNS = -457.41
	:   NVP = 6
	:   NMP = 0
	:   NWP = 0

INFO: Generating Slack Summary Report..
	: ========== ========== ========== ========== ==========================
	:        NVP     WAIVED      NVP-W        WNS PathGroup
	: ========== ========== ========== ========== ==========================
	:          6          0          6    -125.26  OCC4
(2) 157	157_BC	STA/scan/157_BC/hold.rpt
	:   Report : constraint -verbose (Line# 2)
	:   Path# 11 , Line# 501
	:   WNS = -64.24
	:   TNS = -297.79
	:   NVP = 11
	:   NMP = 0
	:   NWP = 0

INFO: Generating Slack Summary Report..
	: ========== ========== ========== ========== ==========================
	:        NVP     WAIVED      NVP-W        WNS PathGroup
	: ========== ========== ========== ========== ==========================
	:         11          0         11     -64.24  OCC4
INFO(func): Merging slack files of multiple corners ...
(000)	: uniq_end/func/hold/000_TT.vio
(151)	: uniq_end/func/hold/151_ML.vio
(157)	: uniq_end/func/hold/157_BC.vio
(258)	: uniq_end/func/hold/258_WC.vio
INFO(func): Generating waived endpoint TEXT format report..
INFO(func): Generating unique endpoint TEXT format report..
INFO(func): Generating unique endpoint HTML format report..
INFO(func): Generating waived endpoint HTML format report..
INFO(func): 1 Clocks
INFO(func): 2 blocks
INFO: Generating Slack Summary Report..
	: ========== ========== ========== ========== ==========================
	:        NVP     WAIVED      NVP-W        WNS PathGroup
	: ========== ========== ========== ========== ==========================
	:          1          0          1      -1.05  **clock_gating_default**
	:          3          0          3     -50.81  CLK_DDR_PHY_pub_ctl_0
	:          3          0          3      -0.90  CLK_DI_ISP
	:         11          0         11      -1.57  CLK_MCU
	:          2          0          2      -0.58  CLK_VAE
	:          5          0          5      -1.77  CLK_VIDEO_DIV2_ISP
	:          3          0          3      -1.76  CLK_VIDEO_ISP
	:          9          0          9    -125.26  CLK_VIP
	:          5          0          5     -15.61  CLK_VIP_DIV2
	:         10          0         10      -1.48  CLK_XTAL_MCU
INFO: Generating Violation Statistics Graph (uniq_end/func/hold)...
	:uniq_end/func/hold.nvp_wns.png
INFO(scan): Merging slack files of multiple corners ...
(000)	: uniq_end/scan/hold/000_TT.vio
(157)	: uniq_end/scan/hold/157_BC.vio
INFO(scan): Generating waived endpoint TEXT format report..
INFO(scan): Generating unique endpoint TEXT format report..
INFO(scan): Generating unique endpoint HTML format report..
INFO(scan): Generating waived endpoint HTML format report..
INFO(scan): 1 Clocks
INFO(scan): 2 blocks
INFO: Generating Slack Summary Report..
	: ========== ========== ========== ========== ==========================
	:        NVP     WAIVED      NVP-W        WNS PathGroup
	: ========== ========== ========== ========== ==========================
	:         15          0         15    -125.26  OCC4
INFO: Generating Violation Statistics Graph (uniq_end/scan/hold)...
	:uniq_end/scan/hold.nvp_wns.png
INFO: Generating STA Index HTML Files ...
INFO: Generating Mode Index HTML Files ...
INFO: Generating Mode Index Page (func) ...
INFO: Generating Mode Index Page (scan) ...
INFO: Generating Check Index HTML Files ...
INFO: Generating Corner Index HTML Files ...
INFO: Generating STA Index HTML Files ...
INFO: sta_uniq_end Done...
