make[1]: Entering directory '/home/toolsadm/GITHOME/sta2htm/run/01_sta/GOLDEN-1114'
mkdir -p uniq_end
/home/toolsadm/GITHOME/sta2htm/bin/sta_rpt_uniq_end -sta_check setup | tee uniq_end/setup.log
###########################################################
# STA2HTM LIBRARY ver.2020.07                             #
###########################################################
INFO: STA2HTM = /home/toolsadm/GITHOME/sta2htm
INFO: Loading 'LIB_HTML.tcl'...
INFO: Loading 'LIB_STA.tcl'...
INFO: Loading 'STA_CORNER.tcl'...
INFO: Loading 'LIB_WAIVE.tcl'...
INFO: Loading 'STA_PT.tcl'...
INFO: Loading 'STA_MERGE.tcl'...
INFO: Loading 'STA_CLOCK.tcl'...
INFO: Loading 'STA_BLOCK.tcl'...
INFO: Loading 'STA_GROUP.tcl'...
INFO: Loading 'STA_CHART.tcl'...
INFO: Loading 'STA_COMP.tcl'...
-sta_check setup
STA_CHECK = setup
-sta_check setup
STA_CHECK = setup
INFO: Reading config file '.sta/sta.cfg'...
INFO: Reading corner table file '.sta/sta.corner'...
CORNER:  000 => 000_TT
CORNER:  151 => 151_ML
CORNER:  157 => 157_BC
CORNER:  231 => 231_WCL
CORNER:  258 => 258_WC
INFO: Total 5 corners.

MODE: func setup
INFO: Parsing Timing Report Files (setup)...
(1) 000	000_TT	STA/func/000_TT/setup.rpt
	:   Report : constraint -path slack_only (Line# 2)
	:   max_delay/setup ('VCLK_APB' group)
	:   max_delay/setup ('VCLK_FLH' group)
	:   max_delay/setup ('VCLK_MCU08' group)
	:   WNS = -57.43
	:   TNS = -194.64
	:   NVP = 8
	:   NMP = 0
	:   NWP = 0
INFO: Generating Slack Summary Report..
	: ========== ========== ========== ========== ==========================
	:       REAL     WAIVED        NVP        WNS PathGroup
	: ========== ========== ========== ========== ==========================
	:          4          0          4     -54.31  VCLK_APB
	:          3          0          3     -57.43  VCLK_FLH
	:          1          0          1      -4.06  VCLK_MCU08
(2) 157	157_BC	STA/func/157_BC/setup.rpt
INFO: Generating Slack Summary Report..
	: ========== ========== ========== ========== ==========================
	:       REAL     WAIVED        NVP        WNS PathGroup
	: ========== ========== ========== ========== ==========================
(3) 258	258_WC	STA/func/258_WC/setup.rpt
	:   Report : constraint -path slack_only (Line# 2)
	:   max_delay/setup ('VCLK_APB' group)
	:   max_delay/setup ('VCLK_CAN' group)
	:   max_delay/setup ('VCLK_DO' group)
	:   max_delay/setup ('VCLK_FLH' group)
	:   max_delay/setup ('VCLK_MCU08' group)
	:   WNS = -114.56
	:   TNS = -373.57
	:   NVP = 11
	:   NMP = 0
	:   NWP = 0
INFO: Generating Slack Summary Report..
	: ========== ========== ========== ========== ==========================
	:       REAL     WAIVED        NVP        WNS PathGroup
	: ========== ========== ========== ========== ==========================
	:          1          0          1     -14.99  VCLK_APB
	:          2          0          2    -114.56  VCLK_CAN
	:          4          0          4      -9.43  VCLK_DO
	:          3          0          3     -97.43  VCLK_FLH
	:          1          0          1      -8.06  VCLK_MCU08
INFO: STA_CORNER(scan,setup) is not defined...
INFO(func): Merging slack files of multiple corners ...
(000)	: uniq_end/func/setup/000_TT.vio
(157)	: uniq_end/func/setup/157_BC.vio
(258)	: uniq_end/func/setup/258_WC.vio
INFO(func): Generating waived endpoint TEXT format report..
INFO(func): Generating unique endpoint TEXT format report..
INFO(func): Generating unique endpoint HTML format report..
INFO(func): Generating waived endpoint HTML format report..
INFO(func): 5 Clocks
INFO(func): 0 blocks
INFO: Generating Slack Summary Report..
	: ========== ========== ========== ========== ==========================
	:       REAL     WAIVED        NVP        WNS PathGroup
	: ========== ========== ========== ========== ==========================
	:          5          0          5     -54.31  VCLK_APB
	:          2          0          2    -114.56  VCLK_CAN
	:          4          0          4      -9.43  VCLK_DO
	:          3          0          3     -97.43  VCLK_FLH
	:          1          0          1      -8.06  VCLK_MCU08
INFO: Generating Violation Statistics Graph (func/setup)...
	:uniq_end/func/setup.nvp_wns.png
INFO: Generating STA Index HTML Files ...
INFO: Generating Mode Index HTML Files ...
INFO: Generating Mode Index Page (func) ...
INFO: Generating Mode Index Page (scan) ...
INFO: Generating Check Index HTML Files ...
INFO: Generating Corner Index HTML Files ...
INFO(func): Group slack files of multiple corners ...
uniq_end/func/setup/*.vio
(258)	: uniq_end/func/setup/258_WC.vio
(000)	: uniq_end/func/setup/000_TT.vio
(157)	: uniq_end/func/setup/157_BC.vio
INFO(func): 0 blocks
INFO: STA_CORNER(scan,setup) is not defined...
INFO: STA_CORNER(scan,setup) is not defined...
INFO: Generating STA Index HTML Files ...
INFO: sta_uniq_end Done...
mkdir -p uniq_end
/home/toolsadm/GITHOME/sta2htm/bin/sta_rpt_uniq_end -sta_check hold | tee uniq_end/hold.log
###########################################################
# STA2HTM LIBRARY ver.2020.07                             #
###########################################################
INFO: STA2HTM = /home/toolsadm/GITHOME/sta2htm
INFO: Loading 'LIB_HTML.tcl'...
INFO: Loading 'LIB_STA.tcl'...
INFO: Loading 'STA_CORNER.tcl'...
INFO: Loading 'LIB_WAIVE.tcl'...
INFO: Loading 'STA_PT.tcl'...
INFO: Loading 'STA_MERGE.tcl'...
INFO: Loading 'STA_CLOCK.tcl'...
INFO: Loading 'STA_BLOCK.tcl'...
INFO: Loading 'STA_GROUP.tcl'...
INFO: Loading 'STA_CHART.tcl'...
INFO: Loading 'STA_COMP.tcl'...
-sta_check hold
STA_CHECK = hold
-sta_check hold
STA_CHECK = hold
INFO: Reading config file '.sta/sta.cfg'...
INFO: Reading corner table file '.sta/sta.corner'...
CORNER:  000 => 000_TT
CORNER:  151 => 151_ML
CORNER:  157 => 157_BC
CORNER:  231 => 231_WCL
CORNER:  258 => 258_WC
INFO: Total 5 corners.

MODE: func hold
INFO: Parsing Timing Report Files (hold)...
(1) 000	000_TT	STA/func/000_TT/hold.rpt
	:   Report : constraint -path slack_only (Line# 2)
	:   min_delay/hold ('CLK_VIP' group)
	:   min_delay/hold ('CLK_VIP_DIV2' group)
	:   WNS = -5.26
	:   TNS = -5.87
	:   NVP = 2
	:   NMP = 0
	:   NWP = 0
	:   Report : constraint -verbose (Line# 25)
	:   Path# 4 , Line# 100
	:   WNS = -5.26
	:   TNS = -11.74
	:   NVP = 4
	:   NMP = 0
	:   NWP = 0
INFO: Generating Slack Summary Report..
	: ========== ========== ========== ========== ==========================
	:       REAL     WAIVED        NVP        WNS PathGroup
	: ========== ========== ========== ========== ==========================
	:          2          0          2      -5.26  CLK_VIP
	:          2          0          2      -0.61  CLK_VIP_DIV2
(2) 151	151_ML	STA/func/151_ML/hold.rpt
	:   Report : constraint -path slack_only (Line# 2)
	:   min_delay/hold ('CLK_DI_ISP' group)
	:   min_delay/hold ('CLK_MCU' group)
	:   min_delay/hold ('CLK_VAE' group)
	:   min_delay/hold ('CLK_VIDEO_DIV2_ISP' group)
	:   min_delay/hold ('CLK_VIDEO_ISP' group)
	:   WNS = -1.77
	:   TNS = -17.65
	:   NVP = 20
	:   NMP = 0
	:   NWP = 0
INFO: Generating Slack Summary Report..
	: ========== ========== ========== ========== ==========================
	:       REAL     WAIVED        NVP        WNS PathGroup
	: ========== ========== ========== ========== ==========================
	:          3          0          3      -0.90  CLK_DI_ISP
	:         10          0         10      -1.57  CLK_MCU
	:          2          0          2      -0.58  CLK_VAE
	:          4          0          4      -1.77  CLK_VIDEO_DIV2_ISP
	:          1          0          1      -1.76  CLK_VIDEO_ISP
(3) 157	157_BC	STA/func/157_BC/hold.rpt
	:   Report : constraint -path slack_only (Line# 2)
	:   min_delay/hold ('clock_gating_default' group)
	:   min_delay/hold ('CLK_DI_ISP' group)
	:   min_delay/hold ('CLK_MCU' group)
	:   min_delay/hold ('CLK_VAE' group)
	:   min_delay/hold ('CLK_VIDEO_DIV2_ISP' group)
	:   min_delay/hold ('CLK_VIDEO_ISP' group)
	:   min_delay/hold ('CLK_VIP' group)
	:   min_delay/hold ('CLK_XTAL_MCU' group)
	:   WNS = -1.48
	:   TNS = -20.69
	:   NVP = 33
	:   NMP = 0
	:   NWP = 0
INFO: Generating Slack Summary Report..
	: ========== ========== ========== ========== ==========================
	:       REAL     WAIVED        NVP        WNS PathGroup
	: ========== ========== ========== ========== ==========================
	:          2          0          2      -1.05  **clock_gating_default**
	:          3          0          3      -0.82  CLK_DI_ISP
	:         10          0         10      -1.47  CLK_MCU
	:          1          0          1      -0.48  CLK_VAE
	:          3          0          3      -0.82  CLK_VIDEO_DIV2_ISP
	:          3          0          3      -0.82  CLK_VIDEO_ISP
	:          1          0          1      -0.50  CLK_VIP
	:         10          0         10      -1.48  CLK_XTAL_MCU
(4) 258	258_WC	STA/func/258_WC/hold.rpt
	:   Report : constraint -verbose (Line# 2)
	:   Path# 3 , Line# 143
	:   WNS = -50.81
	:   TNS = -115.31
	:   NVP = 3
	:   NMP = 0
	:   NWP = 0
INFO: Generating Slack Summary Report..
	: ========== ========== ========== ========== ==========================
	:       REAL     WAIVED        NVP        WNS PathGroup
	: ========== ========== ========== ========== ==========================
	:          3          0          3     -50.81  CLK_DDR_PHY_pub_ctl_0

MODE: scan hold
INFO: Parsing Timing Report Files (hold)...
(1) 000	000_TT	STA/scan/000_TT/hold.rpt
INFO: Generating Slack Summary Report..
	: ========== ========== ========== ========== ==========================
	:       REAL     WAIVED        NVP        WNS PathGroup
	: ========== ========== ========== ========== ==========================
(2) 151	151_ML	STA/scan/151_ML/hold.rpt
	:   Report : constraint -verbose (Line# 2)
	:   Path# 11 , Line# 501
	:   WNS = -64.24
	:   TNS = -297.79
	:   NVP = 11
	:   NMP = 0
	:   NWP = 0
INFO: Generating Slack Summary Report..
	: ========== ========== ========== ========== ==========================
	:       REAL     WAIVED        NVP        WNS PathGroup
	: ========== ========== ========== ========== ==========================
	:         11          0         11     -64.24  OCC4
INFO(func): Merging slack files of multiple corners ...
(000)	: uniq_end/func/hold/000_TT.vio
(151)	: uniq_end/func/hold/151_ML.vio
(157)	: uniq_end/func/hold/157_BC.vio
(258)	: uniq_end/func/hold/258_WC.vio
INFO(func): Generating waived endpoint TEXT format report..
INFO(func): Generating unique endpoint TEXT format report..
INFO(func): Generating unique endpoint HTML format report..
INFO(func): Generating waived endpoint HTML format report..
INFO(func): 12 Clocks
INFO(func): 2 blocks
INFO: Generating Slack Summary Report..
	: ========== ========== ========== ========== ==========================
	:       REAL     WAIVED        NVP        WNS PathGroup
	: ========== ========== ========== ========== ==========================
	:          1          0          1      -1.05  **clock_gating_default**
	:          3          0          3     -50.81  CLK_DDR_PHY_pub_ctl_0
	:          3          0          3      -0.90  CLK_DI_ISP
	:         11          0         11      -1.57  CLK_MCU
	:          2          0          2      -0.58  CLK_VAE
	:          5          0          5      -1.77  CLK_VIDEO_DIV2_ISP
	:          3          0          3      -1.76  CLK_VIDEO_ISP
	:          2          0          2      -5.26  CLK_VIP
	:          1          0          1      -0.61  CLK_VIP_DIV2
	:         10          0         10      -1.48  CLK_XTAL_MCU
INFO: Generating Violation Statistics Graph (func/hold)...
	:uniq_end/func/hold.nvp_wns.png
INFO(scan): Merging slack files of multiple corners ...
(000)	: uniq_end/scan/hold/000_TT.vio
(151)	: uniq_end/scan/hold/151_ML.vio
INFO(scan): Generating waived endpoint TEXT format report..
INFO(scan): Generating unique endpoint TEXT format report..
INFO(scan): Generating unique endpoint HTML format report..
INFO(scan): Generating waived endpoint HTML format report..
INFO(scan): 12 Clocks
INFO(scan): 2 blocks
INFO: Generating Slack Summary Report..
	: ========== ========== ========== ========== ==========================
	:       REAL     WAIVED        NVP        WNS PathGroup
	: ========== ========== ========== ========== ==========================
	:         11          0         11     -64.24  OCC4
INFO: Generating Violation Statistics Graph (scan/hold)...
	:uniq_end/scan/hold.nvp_wns.png
INFO: Generating STA Index HTML Files ...
INFO: Generating Mode Index HTML Files ...
INFO: Generating Mode Index Page (func) ...
INFO: Generating Mode Index Page (scan) ...
INFO: Generating Check Index HTML Files ...
INFO: Generating Corner Index HTML Files ...
INFO(func): Group slack files of multiple corners ...
uniq_end/func/hold/*.vio
(258)	: uniq_end/func/hold/258_WC.vio
(000)	: uniq_end/func/hold/000_TT.vio
(151)	: uniq_end/func/hold/151_ML.vio
(157)	: uniq_end/func/hold/157_BC.vio
INFO(func): 2 blocks
INFO(scan): Group slack files of multiple corners ...
uniq_end/scan/hold/*.vio
(000)	: uniq_end/scan/hold/000_TT.vio
(151)	: uniq_end/scan/hold/151_ML.vio
INFO(scan): 2 blocks
INFO: Generating STA Index HTML Files ...
INFO: sta_uniq_end Done...
/home/toolsadm/GITHOME/sta2htm/bin/sta_gen_index
###########################################################
# STA2HTM LIBRARY ver.2020.07                             #
###########################################################
INFO: STA2HTM = /home/toolsadm/GITHOME/sta2htm
INFO: Loading 'LIB_HTML.tcl'...
INFO: Loading 'LIB_STA.tcl'...
INFO: Loading 'STA_CORNER.tcl'...
INFO: Loading 'LIB_WAIVE.tcl'...
INFO: Loading 'STA_PT.tcl'...
INFO: Loading 'STA_MERGE.tcl'...
INFO: Loading 'STA_CLOCK.tcl'...
INFO: Loading 'STA_BLOCK.tcl'...
INFO: Loading 'STA_GROUP.tcl'...
INFO: Loading 'STA_CHART.tcl'...
INFO: Loading 'STA_COMP.tcl'...


INFO: Reading config file '.sta/sta.cfg'...
INFO: Reading corner table file '.sta/sta.corner'...
CORNER:  000 => 000_TT
CORNER:  151 => 151_ML
CORNER:  157 => 157_BC
CORNER:  231 => 231_WCL
CORNER:  258 => 258_WC
INFO: Total 5 corners.
INFO: Generating STA Index HTML Files ...
INFO: Generating Mode Index HTML Files ...
INFO: Generating Mode Index Page (func) ...
INFO: Generating Mode Index Page (scan) ...
INFO: Generating Check Index HTML Files ...
INFO: Generating Corner Index HTML Files ...
INFO: sta_index Done...
make[1]: Leaving directory '/home/toolsadm/GITHOME/sta2htm/run/01_sta/GOLDEN-1114'
