###########################################################
# STA2HTM LIBRARY ver.2020.07                             #
###########################################################
INFO: STA2HTM = /home/ISSBG/GITHOME/sta
INFO: Loading 'LIB_HTML.tcl'...
INFO: Loading 'LIB_STA.tcl'...
INFO: Loading 'STA_CORNER.tcl'...
INFO: Loading 'LIB_WAIVE.tcl'...
INFO: Loading 'STA_PT.tcl'...
INFO: Loading 'STA_MERGE.tcl'...
INFO: Loading 'STA_CLOCK.tcl'...
INFO: Loading 'STA_BLOCK.tcl'...
INFO: Loading 'STA_GROUP.tcl'...
INFO: Loading 'STA_CHART.tcl'...
INFO: Loading 'STA_COMP.tcl'...
-sta_check setup
STA_CHECK = setup
-sta_check setup
STA_CHECK = setup
INFO: Reading config file '.sta/sta2htm.cfg'...
INFO: Reading corner table file '.sta/sta_corner.csv'...
CORNER:  000 => 000_TT
CORNER:  151 => 151_ML
CORNER:  157 => 157_BC
CORNER:  231 => 231_WCL
CORNER:  258 => 258_WC
INFO: Total 5 corners.

MODE: func setup
INFO: Parsing Timing Report Files (setup)...
(1) 000	000_TT	STA/func/000_TT/setup.rpt
	:   Report : constraint -path slack_only (Line# 2)
	:   max_delay/setup ('VCLK_APB' group)
	:   max_delay/setup ('VCLK_FLH' group)
	:   max_delay/setup ('VCLK_MCU08' group)
	:   WNS = -57.43
	:   TNS = -194.64
	:   NVP = 8
	:   NMP = 0
	:   NWP = 0
INFO: Generating Slack Summary Report..
	: ========== ========== ========== ========== ==========================
	:       REAL     WAIVED        NVP        WNS PathGroup
	: ========== ========== ========== ========== ==========================
	:          4          0          4     -54.31  VCLK_APB
	:          3          0          3     -57.43  VCLK_FLH
	:          1          0          1      -4.06  VCLK_MCU08
(2) 157	157_BC	STA/func/157_BC/setup.rpt
INFO: Generating Slack Summary Report..
	: ========== ========== ========== ========== ==========================
	:       REAL     WAIVED        NVP        WNS PathGroup
	: ========== ========== ========== ========== ==========================
(3) 231	231_WCL	STA/func/231_WCL/setup.rpt
	:   Report : constraint -path slack_only (Line# 2)
	:   max_delay/setup ('VCLK_APB' group)
	:   max_delay/setup ('VCLK_CAN' group)
	:   max_delay/setup ('VCLK_DO' group)
	:   max_delay/setup ('VCLK_FLH' group)
	:   max_delay/setup ('VCLK_MCU08' group)
	:   WNS = -114.56
	:   TNS = -656.93
	:   NVP = 28
	:   NMP = 0
	:   NWP = 0
INFO: Generating Slack Summary Report..
	: ========== ========== ========== ========== ==========================
	:       REAL     WAIVED        NVP        WNS PathGroup
	: ========== ========== ========== ========== ==========================
	:         13          0         13     -44.00  VCLK_APB
	:          2          0          2    -114.56  VCLK_CAN
	:          9          0          9      -9.43  VCLK_DO
	:          3          0          3     -97.43  VCLK_FLH
	:          1          0          1      -8.06  VCLK_MCU08
(4) 258	258_WC	STA/func/258_WC/setup.rpt
	:   Report : constraint -path slack_only (Line# 2)
	:   max_delay/setup ('VCLK_APB' group)
	:   max_delay/setup ('VCLK_CAN' group)
	:   max_delay/setup ('VCLK_DO' group)
	:   max_delay/setup ('VCLK_FLH' group)
	:   max_delay/setup ('VCLK_MCU08' group)
	:   WNS = -84.05
	:   TNS = -422.68
	:   NVP = 28
	:   NMP = 0
	:   NWP = 0
INFO: Generating Slack Summary Report..
	: ========== ========== ========== ========== ==========================
	:       REAL     WAIVED        NVP        WNS PathGroup
	: ========== ========== ========== ========== ==========================
	:         13          0         13     -84.05  VCLK_APB
	:          2          0          2     -14.56  VCLK_CAN
	:          9          0          9      -9.43  VCLK_DO
	:          3          0          3     -77.43  VCLK_FLH
	:          1          0          1      -5.06  VCLK_MCU08
INFO: STA_CORNER(scan,setup) is not defined...
INFO(func): Merging slack files of multiple corners ...
(000)	: uniq_end/func/setup/000_TT.vio
(157)	: uniq_end/func/setup/157_BC.vio
(231)	: uniq_end/func/setup/231_WCL.vio
(258)	: uniq_end/func/setup/258_WC.vio
INFO(func): Generating waived endpoint TEXT format report..
INFO(func): Generating unique endpoint TEXT format report..
INFO(func): Generating unique endpoint HTML format report..
INFO(func): Generating waived endpoint HTML format report..
INFO(func): 5 Clocks
INFO(func): 0 blocks
INFO: Generating Slack Summary Report..
	: ========== ========== ========== ========== ==========================
	:       REAL     WAIVED        NVP        WNS PathGroup
	: ========== ========== ========== ========== ==========================
	:         13          0         13     -84.05  VCLK_APB
	:          2          0          2    -114.56  VCLK_CAN
	:          9          0          9      -9.43  VCLK_DO
	:          3          0          3     -97.43  VCLK_FLH
	:          1          0          1      -8.06  VCLK_MCU08
INFO: Generating Violation Statistics Graph (func/setup)...
	:uniq_end/func/setup.nvp_wns.png
INFO: Generating STA Index HTML Files ...
INFO: Generating Mode Index HTML Files ...
INFO: Generating Mode Index Page (func) ...
INFO: Generating Mode Index Page (scan) ...
INFO: Generating Check Index HTML Files ...
INFO: Generating Corner Index HTML Files ...
INFO(func): Group slack files of multiple corners ...
uniq_end/func/setup/*.vio
(000)	: uniq_end/func/setup/000_TT.vio
(157)	: uniq_end/func/setup/157_BC.vio
(231)	: uniq_end/func/setup/231_WCL.vio
(258)	: uniq_end/func/setup/258_WC.vio
INFO(func): 0 blocks
INFO: STA_CORNER(scan,setup) is not defined...
INFO: STA_CORNER(scan,setup) is not defined...
INFO: Generating STA Index HTML Files ...
INFO: sta_uniq_end Done...
