GOLDEN-0122
├── Makefile
├── STA -> /home/ISSBG/GITHOME/sta2htm/run/reports/apr0-0122
├── uniq_end
│   ├── check.htm
│   ├── corner.htm
│   ├── func
│   │   ├── 000
│   │   │   ├── hold.blk.htm
│   │   │   ├── hold.clk.htm
│   │   │   ├── hold.nvp
│   │   │   ├── hold.sum
│   │   │   ├── hold.vio
│   │   │   ├── hold.wns
│   │   │   ├── setup.blk.htm
│   │   │   ├── setup.clk.htm
│   │   │   ├── setup.nvp
│   │   │   ├── setup.sum
│   │   │   ├── setup.vio
│   │   │   └── setup.wns
│   │   ├── 151
│   │   │   ├── hold.blk.htm
│   │   │   ├── hold.clk.htm
│   │   │   ├── hold.nvp
│   │   │   ├── hold.sum
│   │   │   ├── hold.vio
│   │   │   └── hold.wns
│   │   ├── 157
│   │   │   ├── hold.blk.htm
│   │   │   ├── hold.clk.htm
│   │   │   ├── hold.nvp
│   │   │   ├── hold.sum
│   │   │   ├── hold.vio
│   │   │   ├── hold.wns
│   │   │   ├── setup.blk.htm
│   │   │   ├── setup.clk.htm
│   │   │   ├── setup.nvp
│   │   │   ├── setup.sum
│   │   │   ├── setup.vio
│   │   │   └── setup.wns
│   │   ├── 231
│   │   │   ├── setup.blk.htm
│   │   │   ├── setup.clk.htm
│   │   │   ├── setup.nvp
│   │   │   ├── setup.sum
│   │   │   ├── setup.vio
│   │   │   └── setup.wns
│   │   ├── 258
│   │   │   ├── hold.blk.htm
│   │   │   ├── hold.clk.htm
│   │   │   ├── hold.nvp
│   │   │   ├── hold.sum
│   │   │   ├── hold.vio
│   │   │   ├── hold.wns
│   │   │   ├── setup.blk.htm
│   │   │   ├── setup.clk.htm
│   │   │   ├── setup.nvp
│   │   │   ├── setup.sum
│   │   │   ├── setup.vio
│   │   │   └── setup.wns
│   │   ├── hold.blk.htm
│   │   ├── hold.clk.htm
│   │   ├── hold.htm
│   │   ├── hold.nvp_wns.dat
│   │   ├── hold.nvp_wns.plt
│   │   ├── hold.nvp_wns.png
│   │   ├── hold.uniq_end.htm
│   │   ├── hold.uniq_end.nvp
│   │   ├── hold.uniq_end.rpt
│   │   ├── hold.uniq_end.sum
│   │   ├── hold.uniq_end.wns
│   │   ├── hold.waive_end.htm
│   │   ├── hold.waive_end.rpt
│   │   ├── index.htm
│   │   ├── setup.blk.htm
│   │   ├── setup.clk.htm
│   │   ├── setup.htm
│   │   ├── setup.nvp_wns.dat
│   │   ├── setup.nvp_wns.plt
│   │   ├── setup.nvp_wns.png
│   │   ├── setup.uniq_end.htm
│   │   ├── setup.uniq_end.nvp
│   │   ├── setup.uniq_end.rpt
│   │   ├── setup.uniq_end.sum
│   │   ├── setup.uniq_end.wns
│   │   ├── setup.waive_end.htm
│   │   └── setup.waive_end.rpt
│   ├── hold.htm
│   ├── index.htm
│   ├── mode.htm
│   ├── scan01
│   │   ├── -
│   │   ├── 000
│   │   │   ├── hold.blk.htm
│   │   │   ├── hold.clk.htm
│   │   │   ├── hold.nvp
│   │   │   ├── hold.sum
│   │   │   ├── hold.vio
│   │   │   └── hold.wns
│   │   ├── 157
│   │   │   ├── hold.blk.htm
│   │   │   ├── hold.clk.htm
│   │   │   ├── hold.nvp
│   │   │   ├── hold.sum
│   │   │   ├── hold.vio
│   │   │   └── hold.wns
│   │   ├── 258
│   │   ├── hold.blk.htm
│   │   ├── hold.clk.htm
│   │   ├── hold.htm
│   │   ├── hold.nvp_wns.dat
│   │   ├── hold.nvp_wns.plt
│   │   ├── hold.nvp_wns.png
│   │   ├── hold.uniq_end.htm
│   │   ├── hold.uniq_end.nvp
│   │   ├── hold.uniq_end.rpt
│   │   ├── hold.uniq_end.sum
│   │   ├── hold.uniq_end.wns
│   │   ├── hold.waive_end.htm
│   │   ├── hold.waive_end.rpt
│   │   └── index.htm
│   ├── scan02
│   │   ├── -
│   │   ├── 000
│   │   │   ├── setup.blk.htm
│   │   │   ├── setup.clk.htm
│   │   │   ├── setup.nvp
│   │   │   ├── setup.sum
│   │   │   ├── setup.vio
│   │   │   └── setup.wns
│   │   ├── 251
│   │   ├── 258
│   │   │   ├── setup.blk.htm
│   │   │   ├── setup.clk.htm
│   │   │   ├── setup.nvp
│   │   │   ├── setup.sum
│   │   │   ├── setup.vio
│   │   │   └── setup.wns
│   │   ├── index.htm
│   │   ├── setup.blk.htm
│   │   ├── setup.clk.htm
│   │   ├── setup.htm
│   │   ├── setup.nvp_wns.dat
│   │   ├── setup.nvp_wns.plt
│   │   ├── setup.nvp_wns.png
│   │   ├── setup.uniq_end.htm
│   │   ├── setup.uniq_end.nvp
│   │   ├── setup.uniq_end.rpt
│   │   ├── setup.uniq_end.sum
│   │   ├── setup.uniq_end.wns
│   │   ├── setup.waive_end.htm
│   │   └── setup.waive_end.rpt
│   └── setup.htm
└── uniq_end.log

18 directories, 135 files
