****************************************
Report : constraint
 -all_violators
 -verbose
 -min_delay
Design : top
****************************************


  Startpoint: u_core/u_ddr_ctrl_0/stat_reg_5_
               (rising edge-triggered flip-flop clocked by OCC4)
  Endpoint: u_ddr_phy (rising edge-triggered flip-flop clocked by OCC4)
  Last common pin: u_core/u_core_gck/CTS_ccl_inv_480185/ZN
  Path Group: OCC4
  Path Type: min

  Point                                                                                             Incr       Path
  ------------------------------------------------------------------------------------------------------------------------
  clock OCC4 (rise edge)                                                                        45.00000   45.00000
  clock network delay (propagated)                                                               2.83359   47.83359
  u_core/u_ddr_ctrl_0/stat_reg_5_/CP (SDFCNQOPTBD4)                            0.00000   47.83359 r
  u_core/u_ddr_ctrl_0/stat_reg_5_/Q (SDFCNQOPTBD4)                             0.02986 & 47.86345 f
  u_core/u_ddr_ctrl_0/ECOT18_cell_244/Z (BUFFD2)                               0.01556 & 47.87902 f
  u_core/u_ddr_ctrl_0/U1223/ZN (ND2D4)                                         0.00946 & 47.88847 r
  u_core/u_ddr_ctrl_0/U335/ZN (NR2OPTPAD12)                                    0.00604 & 47.89451 f
  u_core/u_ddr_ctrl_0/U333/ZN (ND2OPTPAD1)                                     0.01269 & 47.90720 r
  u_core/u_ddr_ctrl_0/U327/ZN (NR2OPTPAD4LVT)                                  0.00637 & 47.91357 f
  u_core/u_ddr_ctrl_0/U325/ZN (ND2OPTPAD8LVT)                                  0.01072 & 47.92428 r
  u_core/u_ddr_ctrl_0/cts_514_0/ZN (NR2D12LVT)                           0.01116 & 47.93544 f
  u_core/u_ddr_ctrl_0/U2242/ZN (ND2D12LVT)                                     0.00501 & 47.94045 r
  u_core/u_ddr_ctrl_0/U_0_0/ZN (OAI21OPTBD12LVT)              0.00805 & 47.94850 f
  u_core/u_lpddr2_ctrl2phy/U276/ZN (ND2D16LVT)                                 0.01910 & 47.96759 r
  u_core/u_lpddr2_ctrl2phy/U19/ZN (ND2OPTPAD16LVT)                             0.00800 & 47.97559 f
  u_ddr_phy/dfi_address[8] (DDRPHY_top)                                                      0.02936 & 48.00495 f
  data arrival time                                                                                        48.00496

  clock OCC4 (rise edge)                                                                        45.00000   45.00000
  clock network delay (propagated)                                                               3.33544   48.33544
  clock reconvergence pessimism                                                                 -0.19034   48.14510
  u_ddr_phy/pub_ctl_clk (DDRPHY_top)                                                                   48.14510 r
  library hold time                                                                             -0.07591   48.06920
  data required time                                                                                       48.06919
  ------------------------------------------------------------------------------------------------------------------------
  data required time                                                                                       48.06919
  data arrival time                                                                                        -48.00496
  ------------------------------------------------------------------------------------------------------------------------
  slack (VIOLATED)                                                                                         -0.06424


  Startpoint: u_core/u_ddr_ctrl_0/stat_reg_5_
               (rising edge-triggered flip-flop clocked by OCC4)
  Endpoint: u_ddr_phy (rising edge-triggered flip-flop clocked by OCC4)
  Last common pin: u_core/u_core_gck/CTS_ccl_inv_480185/ZN
  Path Group: OCC4
  Path Type: min

  Point                                                                                                       Incr       Path
  ----------------------------------------------------------------------------------------------------------------------------------
  clock OCC4 (rise edge)                                                                                  45.00000   45.00000
  clock network delay (propagated)                                                                         2.83359   47.83359
  u_core/u_ddr_ctrl_0/stat_reg_5_/CP (SDFCNQOPTBD4)                                      0.00000   47.83359 r
  u_core/u_ddr_ctrl_0/stat_reg_5_/Q (SDFCNQOPTBD4)                                       0.02986 & 47.86345 f
  u_core/u_ddr_ctrl_0/ECOT18_cell_244/Z (BUFFD2)                                         0.01556 & 47.87902 f
  u_core/u_ddr_ctrl_0/U1223/ZN (ND2D4)                                                   0.00946 & 47.88847 r
  u_core/u_ddr_ctrl_0/U335/ZN (NR2OPTPAD12)                                              0.00604 & 47.89451 f
  u_core/u_ddr_ctrl_0/U333/ZN (ND2OPTPAD1)                                               0.01269 & 47.90720 r
  u_core/u_ddr_ctrl_0/U327/ZN (NR2OPTPAD4LVT)                                            0.00637 & 47.91357 f
  u_core/u_ddr_ctrl_0/U325/ZN (ND2OPTPAD8LVT)                                            0.01072 & 47.92428 r
  u_core/u_ddr_ctrl_0/cts_514_0/ZN (NR2D12LVT)                                     0.01116 & 47.93544 f
  u_core/u_ddr_ctrl_0/n1636/Z (BUFFD12LVT)              0.00984 & 47.94528 f
  u_core/u_ddr_ctrl_0/U2224/ZN (ND2D8LVT)                                                0.00608 & 47.95136 r
  u_core/u_ddr_ctrl_0/U280/ZN (ND2OPTPAD16LVT)                                           0.00691 & 47.95827 f
  u_core/u_lpddr2_ctrl2phy/U17/Z (MUX2OPTD4LVT)                                          0.03373 & 47.99200 f
  dfi_address_4/ZN (INVD16LVT)                                 0.00507 & 47.99708 r
  dfi_address_4_1/ZN (INVD16LVT)                                 0.00730 & 48.00438 f
  u_ddr_phy/dfi_address[4] (DDRPHY_top)                                                                0.02709 & 48.03147 f
  data arrival time                                                                                                  48.03147

  clock OCC4 (rise edge)                                                                                  45.00000   45.00000
  clock network delay (propagated)                                                                         3.33544   48.33544
  clock reconvergence pessimism                                                                           -0.19034   48.14510
  u_ddr_phy/pub_ctl_clk (DDRPHY_top)                                                                             48.14510 r
  library hold time                                                                                       -0.06679   48.07831
  data required time                                                                                                 48.07832
  ----------------------------------------------------------------------------------------------------------------------------------
  data required time                                                                                                 48.07832
  data arrival time                                                                                                  -48.03147
  ----------------------------------------------------------------------------------------------------------------------------------
  slack (VIOLATED)                                                                                                   -0.04685


  Startpoint: u_core/u_ddr_ctrl_0/stat_reg_5_
               (rising edge-triggered flip-flop clocked by OCC4)
  Endpoint: u_ddr_phy (rising edge-triggered flip-flop clocked by OCC4)
  Last common pin: u_core/u_core_gck/CTS_ccl_inv_480185/ZN
  Path Group: OCC4
  Path Type: min

  Point                                                                                                                   Incr       Path
  ----------------------------------------------------------------------------------------------------------------------------------------------
  clock OCC4 (rise edge)                                                                                              45.00000   45.00000
  clock network delay (propagated)                                                                                     2.83359   47.83359
  u_core/u_ddr_ctrl_0/stat_reg_5_/CP (SDFCNQOPTBD4)                                                  0.00000   47.83359 r
  u_core/u_ddr_ctrl_0/stat_reg_5_/Q (SDFCNQOPTBD4)                                                   0.02986 & 47.86345 f
  u_core/u_ddr_ctrl_0/U594/ZN (ND2D1)                                                                0.01170 & 47.87516 r
  u_core/u_ddr_ctrl_0/U528/ZN (INVD1)                                                                0.00514 & 47.88030 f
  u_core/u_ddr_ctrl_0/U1225/ZN (ND3D1)                                                               0.00780 & 47.88810 r
  u_core/u_ddr_ctrl_0/U527/ZN (INR2D2LVT)                                                            0.01037 & 47.89846 f
  u_core/u_ddr_ctrl_0/U597/ZN (ND2D4)                                                                0.01260 & 47.91107 r
  u_core/u_ddr_ctrl_0/U_174_0/ZN (OAI21OPTBD6LVT)                                   0.00610 & 47.91717 f
  u_core/u_ddr_ctrl_0/U_1376159_n5270/ZN (INVD8LVT)                                    0.00600 & 47.92317 r
  u_core/u_ddr_ctrl_0/cts_1230_0/ZN (NR3D4LVT)                                                 0.00810 & 47.93127 f
  u_core/u_ddr_ctrl_0/cts_U134_dup/ZN (ND2D12LVT)                                                    0.00563 & 47.93690 r
  u_core/u_ddr_ctrl_0/U_U_7787_0_dup/ZN (OAI21OPTBD8LVT)                    0.00678 & 47.94368 f
  u_core/u_ddr_ctrl_0/U_U_13922_0_dup/ZN (ND2D12LVT)                        0.00504 & 47.94872 r
  u_core/u_ddr_ctrl_0/U153/ZN (NR2D12LVT)                                                            0.00380 & 47.95252 f
  u_core/u_lpddr2_ctrl2phy/dram_addr_o_1/Z (BUFFD3LVT)              0.01341 & 47.96593 f
  u_core/u_lpddr2_ctrl2phy/U277/ZN (ND2D16LVT)                                                       0.00487 & 47.97079 r
  u_core/u_lpddr2_ctrl2phy/U339/ZN (ND2OPTPAD16LVT)                                                  0.00955 & 47.98034 f
  dfi_address_1/ZN (INVD16LVT)                                                             0.00903 & 47.98938 r
  dfi_address_1_1/ZN (INVD16LVT)                                                             0.01746 & 48.00684 f
  u_ddr_phy/dfi_address[1] (DDRPHY_top)                                                                            0.01647 & 48.02331 f
  data arrival time                                                                                                              48.02331

  clock OCC4 (rise edge)                                                                                              45.00000   45.00000
  clock network delay (propagated)                                                                                     3.33544   48.33544
  clock reconvergence pessimism                                                                                       -0.19034   48.14510
  u_ddr_phy/pub_ctl_clk (DDRPHY_top)                                                                                         48.14510 r
  library hold time                                                                                                   -0.07612   48.06898
  data required time                                                                                                             48.06898
  ----------------------------------------------------------------------------------------------------------------------------------------------
  data required time                                                                                                             48.06898
  data arrival time                                                                                                              -48.02331
  ----------------------------------------------------------------------------------------------------------------------------------------------
  slack (VIOLATED)                                                                                                               -0.04567


  Startpoint: u_core/u_ddr_ctrl_0/BNKI_6_BANK_x_STM/bnx_W8_reg
               (rising edge-triggered flip-flop clocked by OCC4)
  Endpoint: u_ddr_phy (rising edge-triggered flip-flop clocked by OCC4)
  Last common pin: u_core/u_core_gck/CTS_ccl_inv_480185/ZN
  Path Group: OCC4
  Path Type: min

  Point                                                                                                                                     Incr       Path
  ----------------------------------------------------------------------------------------------------------------------------------------------------------------
  clock OCC4 (rise edge)                                                                                                                45.00000   45.00000
  clock network delay (propagated)                                                                                                       2.83411   47.83411
  u_core/u_ddr_ctrl_0/BNKI_6_BANK_x_STM/bnx_W8_reg/CP (SDFQOPTBD4)                                                    0.00000   47.83411 r
  u_core/u_ddr_ctrl_0/BNKI_6_BANK_x_STM/bnx_W8_reg/Q (SDFQOPTBD4)                                                     0.02535 & 47.85947 r
  u_core/u_ddr_ctrl_0/BNKI_6_BANK_x_STM/U_1268838_bnx_W8_6/ZN (INVD6)                                   0.00500 & 47.86447 f
  u_core/u_ddr_ctrl_0/BNKI_6_BANK_x_STM/U28/ZN (NR2D3)                                                                0.01390 & 47.87837 r
  u_core/u_ddr_ctrl_0/BNKI_6_BANK_x_STM/bnx_dis_all_6/ZN (INVD2)                                 0.01896 & 47.89734 f
  u_core/u_ddr_ctrl_0/cts_879_0/ZN (OAI21OPTBD8)                                                                 0.01253 & 47.90987 r
  u_core/u_ddr_ctrl_0/U212/ZN (NR2OPTPAD12LVT)                                                                         0.00405 & 47.91392 f
  u_core/u_ddr_ctrl_0/U288/ZN (ND2OPTPAD12LVT)                                                                         0.00666 & 47.92058 r
  u_core/u_ddr_ctrl_0/BNKI_6_BANK_x_STM/U75/ZN (ND2D12LVT)                                                            0.00799 & 47.92857 f
  u_core/u_ddr_ctrl_0/n33/ZN (INVD12)                                                                  0.00524 & 47.93380 r
  u_core/u_ddr_ctrl_0/U_932_0/ZN (NR3OPTPAD8LVT)                                                      0.00399 & 47.93780 f
  u_core/u_ddr_ctrl_0/cts_613_0/ZN (ND3OPTPAD12LVT)                                                              0.00579 & 47.94359 r
  u_core/u_ddr_ctrl_0/U964/ZN (NR2OPTPAD8LVT)                                                                          0.00547 & 47.94906 f
  u_core/u_ddr_ctrl_0/dram_cs_n_o_1/Z (BUFFD3)              0.01756 & 47.96662 f
  u_core/u_ddr_ctrl_0/U976/ZN (AOI21OPTBD12LVT)                                                                        0.00749 & 47.97412 r
  u_core/u_lpddr2_ctrl2phy/U334/ZN (ND2OPTPAD16LVT)                                                                    0.00647 & 47.98059 f
  u_core/u_lpddr2_ctrl2phy/U335/ZN (ND2D8LVT)                                                                          0.00707 & 47.98766 r
  dfi_address_22/ZN (INVD12LVT)                                                                      0.00391 & 47.99157 f
  dfi_address_22_1/ZN (INVD16LVT)                                                                      0.01723 & 48.00880 r
  u_ddr_phy/dfi_address[22] (DDRPHY_top)                                                                                             0.02699 & 48.03580 r
  data arrival time                                                                                                                                48.03580

  clock OCC4 (rise edge)                                                                                                                45.00000   45.00000
  clock network delay (propagated)                                                                                                       3.33544   48.33544
  clock reconvergence pessimism                                                                                                         -0.19034   48.14510
  u_ddr_phy/pub_ctl_clk (DDRPHY_top)                                                                                                           48.14510 r
  library hold time                                                                                                                     -0.07057   48.07453
  data required time                                                                                                                               48.07453
  ----------------------------------------------------------------------------------------------------------------------------------------------------------------
  data required time                                                                                                                               48.07453
  data arrival time                                                                                                                                -48.03580
  ----------------------------------------------------------------------------------------------------------------------------------------------------------------
  slack (VIOLATED)                                                                                                                                 -0.03873


  Startpoint: u_core/u_ddr_ctrl_0/stat_reg_5_
               (rising edge-triggered flip-flop clocked by OCC4)
  Endpoint: u_ddr_phy (rising edge-triggered flip-flop clocked by OCC4)
  Last common pin: u_core/u_core_gck/CTS_ccl_inv_480185/ZN
  Path Group: OCC4
  Path Type: min

  Point                                                                                               Incr       Path
  --------------------------------------------------------------------------------------------------------------------------
  clock OCC4 (rise edge)                                                                          45.00000   45.00000
  clock network delay (propagated)                                                                 2.83359   47.83359
  u_core/u_ddr_ctrl_0/stat_reg_5_/CP (SDFCNQOPTBD4)                              0.00000   47.83359 r
  u_core/u_ddr_ctrl_0/stat_reg_5_/Q (SDFCNQOPTBD4)                               0.02986 & 47.86345 f
  u_core/u_ddr_ctrl_0/ECOT18_cell_244/Z (BUFFD2)                                 0.01556 & 47.87902 f
  u_core/u_ddr_ctrl_0/U1223/ZN (ND2D4)                                           0.00946 & 47.88847 r
  u_core/u_ddr_ctrl_0/U335/ZN (NR2OPTPAD12)                                      0.00604 & 47.89451 f
  u_core/u_ddr_ctrl_0/U333/ZN (ND2OPTPAD1)                                       0.01269 & 47.90720 r
  u_core/u_ddr_ctrl_0/U327/ZN (NR2OPTPAD4LVT)                                    0.00637 & 47.91357 f
  u_core/u_ddr_ctrl_0/U325/ZN (ND2OPTPAD8LVT)                                    0.01072 & 47.92428 r
  u_core/u_ddr_ctrl_0/U1066/ZN (ND2OPTPAD6LVT)                                   0.01512 & 47.93940 f
  u_core/u_ddr_ctrl_0/U1034/ZN (AOI21OPTBD12LVT)                                 0.01271 & 47.95211 r
  u_core/u_ddr_ctrl_0/UHOLD_BUF15/Z (BUFFD2)              0.01873 & 47.97084 r
  u_core/u_ddr_ctrl_0/U1077/ZN (NR2D12)                                          0.00820 & 47.97904 f
  u_core/u_lpddr2_ctrl2phy/U_131_0/ZN (AOI22OPTPBD12)              0.01558 & 47.99462 r
  u_core/u_lpddr2_ctrl2phy/U_6861_0/ZN (INVD16LVT)                 0.00443 & 47.99905 f
  u_ddr_phy/dfi_address[21] (DDRPHY_top)                                                       0.03063 & 48.02968 f
  data arrival time                                                                                          48.02968

  clock OCC4 (rise edge)                                                                          45.00000   45.00000
  clock network delay (propagated)                                                                 3.33544   48.33544
  clock reconvergence pessimism                                                                   -0.19034   48.14510
  u_ddr_phy/pub_ctl_clk (DDRPHY_top)                                                                     48.14510 r
  library hold time                                                                               -0.07793   48.06717
  data required time                                                                                         48.06717
  --------------------------------------------------------------------------------------------------------------------------
  data required time                                                                                         48.06717
  data arrival time                                                                                          -48.02968
  --------------------------------------------------------------------------------------------------------------------------
  slack (VIOLATED)                                                                                           -0.03749


  Startpoint: u_core/u_ddr_ctrl_0/stat_reg_5_
               (rising edge-triggered flip-flop clocked by OCC4)
  Endpoint: u_ddr_phy (rising edge-triggered flip-flop clocked by OCC4)
  Last common pin: u_core/u_core_gck/CTS_ccl_inv_480185/ZN
  Path Group: OCC4
  Path Type: min

  Point                                                                                                                                                 Incr       Path
  ----------------------------------------------------------------------------------------------------------------------------------------------------------------------------
  clock OCC4 (rise edge)                                                                                                                            45.00000   45.00000
  clock network delay (propagated)                                                                                                                   2.83359   47.83359
  u_core/u_ddr_ctrl_0/stat_reg_5_/CP (SDFCNQOPTBD4)                                                                                0.00000   47.83359 r
  u_core/u_ddr_ctrl_0/stat_reg_5_/Q (SDFCNQOPTBD4)                                                                                 0.02986 & 47.86345 f
  u_core/u_ddr_ctrl_0/ECOT18_cell_244/Z (BUFFD2)                                                                                   0.01556 & 47.87902 f
  u_core/u_ddr_ctrl_0/U1223/ZN (ND2D4)                                                                                             0.00946 & 47.88847 r
  u_core/u_ddr_ctrl_0/U335/ZN (NR2OPTPAD12)                                                                                        0.00604 & 47.89451 f
  u_core/u_ddr_ctrl_0/U333/ZN (ND2OPTPAD1)                                                                                         0.01269 & 47.90720 r
  u_core/u_ddr_ctrl_0/U327/ZN (NR2OPTPAD4LVT)                                                                                      0.00637 & 47.91357 f
  u_core/u_ddr_ctrl_0/U325/ZN (ND2OPTPAD8LVT)                                                                                      0.01072 & 47.92428 r
  u_core/u_ddr_ctrl_0/U1066/ZN (ND2OPTPAD6LVT)                                                                                     0.01512 & 47.93940 f
  u_core/u_ddr_ctrl_0/U964/ZN (NR2OPTPAD8LVT)                                                                                      0.01054 & 47.94994 r
  u_core/u_ddr_ctrl_0/dram_cs_n_o_1/ZN (INVD16LVT)                                 0.00466 & 47.95460 f
  u_core/u_ddr_ctrl_0/dram_cs_n_o_2/ZN (INVD12)              0.01955 & 47.97415 r
  u_core/u_lpddr2_ctrl2phy/cts_1338_0/ZN (ND2D8)                                                                             0.02064 & 47.99479 f
  u_core/u_lpddr2_ctrl2phy/cts_1337_0/ZN (ND2OPTPAD16LVT)                                                                    0.00578 & 48.00057 r
  dfi_cs_n_1/ZN (INVD16LVT)                                                                                      0.00780 & 48.00837 f
  dfi_cs_n_1_1/ZN (INVD16LVT)                                                                                      0.01593 & 48.02431 r
  dfi_cs_n_1_2/Z (BUFFD2)                  0.02880 & 48.05311 r
  u_ddr_phy/dfi_cs_n[1] (DDRPHY_top)                                                                                                             0.00028 & 48.05338 r
  data arrival time                                                                                                                                            48.05339

  clock OCC4 (rise edge)                                                                                                                            45.00000   45.00000
  clock network delay (propagated)                                                                                                                   3.33544   48.33544
  clock reconvergence pessimism                                                                                                                     -0.19034   48.14510
  u_ddr_phy/pub_ctl_clk (DDRPHY_top)                                                                                                                       48.14510 r
  library hold time                                                                                                                                 -0.06141   48.08369
  data required time                                                                                                                                           48.08369
  ----------------------------------------------------------------------------------------------------------------------------------------------------------------------------
  data required time                                                                                                                                           48.08369
  data arrival time                                                                                                                                            -48.05339
  ----------------------------------------------------------------------------------------------------------------------------------------------------------------------------
  slack (VIOLATED)                                                                                                                                             -0.03031


  Startpoint: u_core/u_ddr_ctrl_0/BNKI_6_BANK_x_STM/bnx_W8_reg
               (rising edge-triggered flip-flop clocked by OCC4)
  Endpoint: u_ddr_phy (rising edge-triggered flip-flop clocked by OCC4)
  Last common pin: u_core/u_core_gck/CTS_ccl_inv_480185/ZN
  Path Group: OCC4
  Path Type: min

  Point                                                                                                                                                 Incr       Path
  ----------------------------------------------------------------------------------------------------------------------------------------------------------------------------
  clock OCC4 (rise edge)                                                                                                                            45.00000   45.00000
  clock network delay (propagated)                                                                                                                   2.83411   47.83411
  u_core/u_ddr_ctrl_0/BNKI_6_BANK_x_STM/bnx_W8_reg/CP (SDFQOPTBD4)                                                                0.00000   47.83411 r
  u_core/u_ddr_ctrl_0/BNKI_6_BANK_x_STM/bnx_W8_reg/Q (SDFQOPTBD4)                                                                 0.02535 & 47.85947 r
  u_core/u_ddr_ctrl_0/BNKI_6_BANK_x_STM/U_1268838_bnx_W8_6/ZN (INVD6)                                               0.00500 & 47.86447 f
  u_core/u_ddr_ctrl_0/BNKI_6_BANK_x_STM/U28/ZN (NR2D3)                                                                            0.01390 & 47.87837 r
  u_core/u_ddr_ctrl_0/BNKI_6_BANK_x_STM/bnx_dis_all_6/ZN (INVD2)                                             0.01896 & 47.89734 f
  u_core/u_ddr_ctrl_0/cts_879_0/ZN (OAI21OPTBD8)                                                                             0.01253 & 47.90987 r
  u_core/u_ddr_ctrl_0/U212/ZN (NR2OPTPAD12LVT)                                                                                     0.00405 & 47.91392 f
  u_core/u_ddr_ctrl_0/U288/ZN (ND2OPTPAD12LVT)                                                                                     0.00666 & 47.92058 r
  u_core/u_ddr_ctrl_0/BNKI_6_BANK_x_STM/U75/ZN (ND2D12LVT)                                                                        0.00799 & 47.92857 f
  u_core/u_ddr_ctrl_0/n33/ZN (INVD12)                                                                              0.00524 & 47.93380 r
  u_core/u_ddr_ctrl_0/U_932_0/ZN (NR3OPTPAD8LVT)                                                                  0.00399 & 47.93780 f
  u_core/u_ddr_ctrl_0/cts_613_0/ZN (ND3OPTPAD12LVT)                                                                          0.00579 & 47.94359 r
  u_core/u_ddr_ctrl_0/U964/ZN (NR2OPTPAD8LVT)                                                                                      0.00547 & 47.94906 f
  u_core/u_ddr_ctrl_0/dram_cs_n_o_1/ZN (INVD16LVT)                                 0.00449 & 47.95355 r
  u_core/u_ddr_ctrl_0/dram_cs_n_o_2/ZN (INVD12)              0.01838 & 47.97193 f
  u_core/u_ddr_ctrl_0/U278/ZN (INR2OPTPAD4)                                                                                        0.03116 & 48.00309 r
  u_core/u_lpddr2_ctrl2phy/U_7200_0/ZN (AOI21OPTBD12)                                                                0.01128 & 48.01437 f
  dfi_address_20/ZN (INVD16LVT)                                                         0.00886 & 48.02323 r
  u_ddr_phy/dfi_address[20] (DDRPHY_top)                                                                                                         0.02202 & 48.04525 r
  data arrival time                                                                                                                                            48.04525

  clock OCC4 (rise edge)                                                                                                                            45.00000   45.00000
  clock network delay (propagated)                                                                                                                   3.33544   48.33544
  clock reconvergence pessimism                                                                                                                     -0.19034   48.14510
  u_ddr_phy/pub_ctl_clk (DDRPHY_top)                                                                                                                       48.14510 r
  library hold time                                                                                                                                 -0.09069   48.05442
  data required time                                                                                                                                           48.05442
  ----------------------------------------------------------------------------------------------------------------------------------------------------------------------------
  data required time                                                                                                                                           48.05442
  data arrival time                                                                                                                                            -48.04525
  ----------------------------------------------------------------------------------------------------------------------------------------------------------------------------
  slack (VIOLATED)                                                                                                                                             -0.00916


  Startpoint: u_core/u_ddr_ctrl_0/BNKI_0_BANK_x_STM/bnx_W8_reg
               (rising edge-triggered flip-flop clocked by OCC4)
  Endpoint: u_ddr_phy (rising edge-triggered flip-flop clocked by OCC4)
  Last common pin: u_core/u_core_gck/CTS_ccl_inv_480185/ZN
  Path Group: OCC4
  Path Type: min

  Point                                                                                                                        Incr       Path
  ---------------------------------------------------------------------------------------------------------------------------------------------------
  clock OCC4 (rise edge)                                                                                                   45.00000   45.00000
  clock network delay (propagated)                                                                                          2.83621   47.83621
  u_core/u_ddr_ctrl_0/BNKI_0_BANK_x_STM/bnx_W8_reg/CP (SDFQOPTBD4)                                       0.00000   47.83621 r
  u_core/u_ddr_ctrl_0/BNKI_0_BANK_x_STM/bnx_W8_reg/Q (SDFQOPTBD4)                                        0.02451 & 47.86071 r
  u_core/u_ddr_ctrl_0/BNKI_0_BANK_x_STM/U_1195649_bnx_W8_0/ZN (INVD8HVT)                   0.00761 & 47.86833 f
  u_core/u_ddr_ctrl_0/BNKI_0_BANK_x_STM/U141/ZN (NR2D4LVT)                                               0.01604 & 47.88437 r
  u_core/u_ddr_ctrl_0/U1107/ZN (NR2D2LVT)                                                                 0.00568 & 47.89004 f
  u_core/u_ddr_ctrl_0/U65/ZN (NR2D3)                                                                      0.00843 & 47.89847 r
  u_core/u_ddr_ctrl_0/U_504_0/ZN (AOI31D2LVT)                                            0.00689 & 47.90536 f
  u_core/u_ddr_ctrl_0/U220/ZN (ND2OPTPAD4LVT)                                                             0.00513 & 47.91049 r
  u_core/u_ddr_ctrl_0/cts_498_0/ZN (NR2OPTPAD6LVT)                                                  0.00455 & 47.91504 f
  u_core/u_ddr_ctrl_0/cts_497_0/ZN (ND2D16LVT)                                                      0.00536 & 47.92040 r
  u_core/u_ddr_ctrl_0/BNKI_0_BANK_x_STM/U_setup_1455_0/ZN (INR2OPTPAD8LVT)              0.01337 & 47.93378 r
  u_core/u_ddr_ctrl_0/U_U270_dup/ZN (NR3OPTPAD8LVT)                                               0.00412 & 47.93790 f
  u_core/u_ddr_ctrl_0/U_7312_0/ZN (ND3OPTPAD8LVT)                                           0.00545 & 47.94334 r
  u_core/u_ddr_ctrl_0/FE_RN_59/ZN (INVD12LVT)                                 0.00454 & 47.94788 f
  u_core/u_ddr_ctrl_0/FE_RN_60/ZN (INVD4)                                     0.00644 & 47.95432 r
  u_core/u_ddr_ctrl_0/U_6299_0/ZN (INR3D4LVT)                                               0.00611 & 47.96043 f
  u_core/u_lpddr2_ctrl2phy/dram_cs_n_o_0/Z (BUFFD16)                     0.01142 & 47.97185 f
  u_core/u_lpddr2_ctrl2phy/U_6312_0/ZN (ND2D1)                                              0.03070 & 48.00254 r
  u_core/u_lpddr2_ctrl2phy/UHOLD_BUF17/Z (DEL050MD1LVT)                            0.03213 & 48.03468 r
  u_core/u_lpddr2_ctrl2phy/U_6311_0/ZN (ND2OPTPAD6LVT)                                      0.01915 & 48.05382 f
  u_ddr_phy/dfi_cs_n[0] (DDRPHY_top)                                                                                    0.01768 & 48.07150 f
  data arrival time                                                                                                                   48.07150

  clock OCC4 (rise edge)                                                                                                   45.00000   45.00000
  clock network delay (propagated)                                                                                          3.33544   48.33544
  clock reconvergence pessimism                                                                                            -0.19034   48.14510
  u_ddr_phy/pub_ctl_clk (DDRPHY_top)                                                                                              48.14510 r
  library hold time                                                                                                        -0.06618   48.07892
  data required time                                                                                                                  48.07892
  ---------------------------------------------------------------------------------------------------------------------------------------------------
  data required time                                                                                                                  48.07892
  data arrival time                                                                                                                   -48.07150
  ---------------------------------------------------------------------------------------------------------------------------------------------------
  slack (VIOLATED)                                                                                                                    -0.00742


  Startpoint: u_core/u_ddr_ctrl_0/stat_reg_5_
               (rising edge-triggered flip-flop clocked by OCC4)
  Endpoint: u_ddr_phy (rising edge-triggered flip-flop clocked by OCC4)
  Last common pin: u_core/u_core_gck/CTS_ccl_inv_480185/ZN
  Path Group: OCC4
  Path Type: min

  Point                                                                                                              Incr       Path
  -----------------------------------------------------------------------------------------------------------------------------------------
  clock OCC4 (rise edge)                                                                                         45.00000   45.00000
  clock network delay (propagated)                                                                                2.83359   47.83359
  u_core/u_ddr_ctrl_0/stat_reg_5_/CP (SDFCNQOPTBD4)                                             0.00000   47.83359 r
  u_core/u_ddr_ctrl_0/stat_reg_5_/Q (SDFCNQOPTBD4)                                              0.02986 & 47.86345 f
  u_core/u_ddr_ctrl_0/ECOT18_cell_244/Z (BUFFD2)                                                0.01556 & 47.87902 f
  u_core/u_ddr_ctrl_0/U1223/ZN (ND2D4)                                                          0.00946 & 47.88847 r
  u_core/u_ddr_ctrl_0/U335/ZN (NR2OPTPAD12)                                                     0.00604 & 47.89451 f
  u_core/u_ddr_ctrl_0/U333/ZN (ND2OPTPAD1)                                                      0.01269 & 47.90720 r
  u_core/u_ddr_ctrl_0/U327/ZN (NR2OPTPAD4LVT)                                                   0.00637 & 47.91357 f
  u_core/u_ddr_ctrl_0/U325/ZN (ND2OPTPAD8LVT)                                                   0.01072 & 47.92428 r
  u_core/u_ddr_ctrl_0/cts_514_0/ZN (NR2D12LVT)                                            0.01116 & 47.93544 f
  u_core/u_ddr_ctrl_0/n1636/Z (BUFFD12LVT)                     0.01046 & 47.94590 f
  u_core/u_ddr_ctrl_0/n1637/Z (BUFFD8)                         0.01389 & 47.95979 f
  u_core/u_ddr_ctrl_0/U151/ZN (ND2D8)                                                           0.00680 & 47.96658 r
  u_core/u_ddr_ctrl_0/U_1147_0/ZN (ND2OPTPAD12)                                0.00942 & 47.97600 f
  u_core/u_ddr_ctrl_0/U_1146_0/ZN (INR2OPTPAD12)                               0.01313 & 47.98913 r
  u_core/u_ddr_ctrl_0/dram_addr_o_3/ZN (INVD16LVT)                              0.01106 & 48.00019 f
  u_core/u_ddr_ctrl_0/dram_addr_o_3x/Z (BUFFD4LVT)              0.01311 & 48.01330 f
  u_core/u_ddr_ctrl_0/U_setup_4643_0/ZN (INR2OPTPAD2LVT)                       0.01076 & 48.02406 f
  u_core/u_lpddr2_ctrl2phy/U_102_0/ZN (AOI21OPTBD8LVT)                            0.00835 & 48.03241 r
  u_core/u_lpddr2_ctrl2phy/U_103_0/ZN (INVD16LVT)                                 0.00407 & 48.03649 f
  u_ddr_phy/dfi_address[23] (DDRPHY_top)                                                                      0.03056 & 48.06705 f
  data arrival time                                                                                                         48.06705

  clock OCC4 (rise edge)                                                                                         45.00000   45.00000
  clock network delay (propagated)                                                                                3.33544   48.33544
  clock reconvergence pessimism                                                                                  -0.19034   48.14510
  u_ddr_phy/pub_ctl_clk (DDRPHY_top)                                                                                    48.14510 r
  library hold time                                                                                              -0.07143   48.07368
  data required time                                                                                                        48.07368
  -----------------------------------------------------------------------------------------------------------------------------------------
  data required time                                                                                                        48.07368
  data arrival time                                                                                                         -48.06705
  -----------------------------------------------------------------------------------------------------------------------------------------
  slack (VIOLATED)                                                                                                          -0.00663


  Startpoint: u_core/u_ddr_ctrl_0/stat_reg_5_
               (rising edge-triggered flip-flop clocked by OCC4)
  Endpoint: u_ddr_phy (rising edge-triggered flip-flop clocked by OCC4)
  Last common pin: u_core/u_core_gck/CTS_ccl_inv_480185/ZN
  Path Group: OCC4
  Path Type: min

  Point                                                                                                                                Incr       Path
  -----------------------------------------------------------------------------------------------------------------------------------------------------------
  clock OCC4 (rise edge)                                                                                                           45.00000   45.00000
  clock network delay (propagated)                                                                                                  2.83359   47.83359
  u_core/u_ddr_ctrl_0/stat_reg_5_/CP (SDFCNQOPTBD4)                                                               0.00000   47.83359 r
  u_core/u_ddr_ctrl_0/stat_reg_5_/Q (SDFCNQOPTBD4)                                                                0.02986 & 47.86345 f
  u_core/u_ddr_ctrl_0/U594/ZN (ND2D1)                                                                             0.01170 & 47.87516 r
  u_core/u_ddr_ctrl_0/U528/ZN (INVD1)                                                                             0.00514 & 47.88030 f
  u_core/u_ddr_ctrl_0/U1225/ZN (ND3D1)                                                                            0.00780 & 47.88810 r
  u_core/u_ddr_ctrl_0/U527/ZN (INR2D2LVT)                                                                         0.01037 & 47.89846 f
  u_core/u_ddr_ctrl_0/U597/ZN (ND2D4)                                                                             0.01260 & 47.91107 r
  u_core/u_ddr_ctrl_0/U_174_0/ZN (OAI21OPTBD6LVT)                                                0.00610 & 47.91717 f
  u_core/u_ddr_ctrl_0/U_1376159_n5270/ZN (INVD8LVT)                                                 0.00600 & 47.92317 r
  u_core/u_ddr_ctrl_0/cts_1230_0/ZN (NR3D4LVT)                                                              0.00810 & 47.93127 f
  u_core/u_ddr_ctrl_0/U134/ZN (ND2D8LVT)                                                                          0.00581 & 47.93709 r
  u_core/u_ddr_ctrl_0/U_1089_0/ZN (OAI21OPTBD8LVT)                                               0.00608 & 47.94317 f
  u_core/u_ddr_ctrl_0/U_1102_0/ZN (ND3OPTPAD4LVT)                                                0.00901 & 47.95218 r
  u_core/u_ddr_ctrl_0/U237/ZN (OAI21OPTBD12LVT)                                                                   0.00648 & 47.95866 f
  u_core/u_ddr_ctrl_0/dram_addr_o_9/ZN (INVD16LVT)              0.00497 & 47.96363 r
  u_core/u_ddr_ctrl_0/U_setup_459_0/ZN (INVD16LVT)                                               0.01041 & 47.97404 f
  u_core/u_lpddr2_ctrl2phy/U_setup_1331_0/ZN (AOI22OPTPBD8LVT)                                   0.01109 & 47.98513 r
  dfi_address_9/ZN (INVD16LVT)                                                                           0.00369 & 47.98882 f
  u_ddr_phy/dfi_address[9] (DDRPHY_top)                                                                                         0.03278 & 48.02160 f
  data arrival time                                                                                                                           48.02160

  clock OCC4 (rise edge)                                                                                                           45.00000   45.00000
  clock network delay (propagated)                                                                                                  3.33544   48.33544
  clock reconvergence pessimism                                                                                                    -0.19034   48.14510
  u_ddr_phy/pub_ctl_clk (DDRPHY_top)                                                                                                      48.14510 r
  library hold time                                                                                                                -0.11735   48.02775
  data required time                                                                                                                          48.02775
  -----------------------------------------------------------------------------------------------------------------------------------------------------------
  data required time                                                                                                                          48.02775
  data arrival time                                                                                                                           -48.02160
  -----------------------------------------------------------------------------------------------------------------------------------------------------------
  slack (VIOLATED)                                                                                                                            -0.00615


  Startpoint: u_core/u_ddr_ctrl_0/FIFO_LD/twc_reg_0_
               (rising edge-triggered flip-flop clocked by OCC4)
  Endpoint: u_ddr_phy (rising edge-triggered flip-flop clocked by OCC4)
  Last common pin: u_core/u_core_gck/CTS_ccl_inv_480185/ZN
  Path Group: OCC4
  Path Type: min

  Point                                                                                                                      Incr       Path
  -------------------------------------------------------------------------------------------------------------------------------------------------
  clock OCC4 (rise edge)                                                                                                 45.00000   45.00000
  clock network delay (propagated)                                                                                        2.81496   47.81496
  u_core/u_ddr_ctrl_0/FIFO_LD/twc_reg_0_/CP (SDFCNQOPTBD4)                                              0.00000   47.81496 r
  u_core/u_ddr_ctrl_0/FIFO_LD/twc_reg_0_/Q (SDFCNQOPTBD4)                                               0.03174 & 47.84670 r
  u_core/u_ddr_ctrl_0/FIFO_LD/U46/ZN (INVD12LVT)                                                        0.00397 & 47.85067 f
  u_core/u_ddr_ctrl_0/FIFO_LD/U70/ZN (XNR2OPTND6HVT)                                                    0.00772 & 47.85839 r
  u_core/u_ddr_ctrl_0/FIFO_LD/U5/ZN (NR3OPTPAD4)                                                        0.00566 & 47.86405 f
  u_core/u_ddr_ctrl_0/FIFO_LD/U4/ZN (ND2OPTPAD6)                                                        0.00816 & 47.87222 r
  u_core/u_ddr_ctrl_0/U326/ZN (NR3OPTPAD6LVT)                                                           0.00600 & 47.87822 f
  u_core/u_ddr_ctrl_0/U_913982_n1016/ZN (INVD6LVT)                                        0.00703 & 47.88524 r
  u_core/u_ddr_ctrl_0/U314/ZN (NR2OPTPAD8LVT)                                                           0.00689 & 47.89214 f
  u_core/u_ddr_ctrl_0/U_6824_0/ZN (INR2OPTPAD8LVT)                                        0.00970 & 47.90184 f
  u_core/u_ddr_ctrl_0/U_6823_0/ZN (ND2OPTPAD12LVT)                                        0.00470 & 47.90654 r
  u_core/u_ddr_ctrl_0/U307/ZN (NR2OPTPAD12LVT)                                                          0.00404 & 47.91058 f
  u_core/u_ddr_ctrl_0/U304/ZN (NR2D12LVT)                                                               0.00730 & 47.91788 r
  u_core/u_ddr_ctrl_0/U238/ZN (INR2OPTPAD8LVT)                                                          0.01369 & 47.93157 r
  u_core/u_ddr_ctrl_0/n2380/ZN (INVD1LVT)                    0.01680 & 47.94836 f
  u_core/u_ddr_ctrl_0/U1618/ZN (ND2D8)                                                                  0.00853 & 47.95690 r
  u_core/u_ddr_ctrl_0/U1625/ZN (ND2OPTPAD6LVT)                                                          0.00586 & 47.96276 f
  u_core/u_lpddr2_ctrl2phy/U_setup_485_0/ZN (ND2D12LVT)                                0.00530 & 47.96806 r
  u_core/u_lpddr2_ctrl2phy/cts_30_0/ZN (ND2OPTPAD16LVT)                                           0.01226 & 47.98032 f
  dfi_cke_0/ZN (INVD16LVT)                                             0.00440 & 47.98473 r
  dfi_cke_0_1/ZN (INVD16LVT)              0.01161 & 47.99634 f
  u_ddr_phy/dfi_cke[0] (DDRPHY_top)                                                                                   0.02854 & 48.02488 f
  data arrival time                                                                                                                 48.02488

  clock OCC4 (rise edge)                                                                                                 45.00000   45.00000
  clock network delay (propagated)                                                                                        3.33544   48.33544
  clock reconvergence pessimism                                                                                          -0.19034   48.14510
  u_ddr_phy/pub_ctl_clk (DDRPHY_top)                                                                                            48.14510 r
  library hold time                                                                                                      -0.11508   48.03002
  data required time                                                                                                                48.03002
  -------------------------------------------------------------------------------------------------------------------------------------------------
  data required time                                                                                                                48.03002
  data arrival time                                                                                                                 -48.02488
  -------------------------------------------------------------------------------------------------------------------------------------------------
  slack (VIOLATED)                                                                                                                  -0.00514


1

