GOLDEN-0122
└── uniq_end
    ├── func
    │   ├── hold
    │   ├── index.htm
    │   └── setup
    ├── index.htm
    └── scan
        ├── hold
        └── index.htm
GOLDEN-0123
└── uniq_end
    ├── func
    │   ├── hold
    │   ├── index.htm
    │   └── setup
    ├── index.htm
    └── scan
        ├── hold
        └── index.htm
GOLDEN-0124
└── uniq_end
    ├── func
    │   ├── hold
    │   ├── index.htm
    │   └── setup
    ├── index.htm
    └── scan
        ├── hold
        └── index.htm

18 directories, 9 files
