make[1]: Entering directory '/home/ISSBG/GITHOME/sta2htm/run/02_trend/TRYRUN-0125'
mkdir -p uniq_end
/home/ISSBG/GITHOME/sta2htm/bin/sta_uniq_end -sta_group uniq_end | tee uniq_end.log
INFO: Loading 'LIB_STA.tcl'...
###########################################################
# STA2HTM LIBRARY ver.2020.07                             #
###########################################################
INFO: STA2HTM = /home/ISSBG/GITHOME/sta2htm
INFO: Loading 'STA_CONFIG.tcl'...
INFO: Loading 'STA_HTML.tcl'...
INFO: Loading 'STA_CHART.tcl'...
INFO: Loading 'STA_CORNER.tcl'...
INFO: Loading 'LIB_WAIVE.tcl'...
INFO: Loading 'STA_PT.tcl'...
INFO: Loading 'STA_MERGE.tcl'...
INFO: Loading 'STA_HISTOGRAM.tcl'...
INFO: Loading 'STA_CLOCK.tcl'...
INFO: Loading 'STA_BLOCK.tcl'...
INFO: Loading 'STA_PLOT.tcl'...
INFO: Loading 'STA_COMP.tcl'...
INFO: Loading 'STA_TREND.tcl'...
INFO: Parsing Arguments..
STA_CURR_GROUP = uniq_end
INFO: Reading corner table file '.sta/sta2htm.corner'...
CORNER:  000 => 000_TT
CORNER:  151 => 151_ML
CORNER:  157 => 157_BC
CORNER:  231 => 231_WCL
CORNER:  258 => 258_WC
INFO: Total 5 corners.
INFO: Reading tcl variable file 'STA/.sta/sta2htm.cfg'...
INFO: Reading tcl variable file '.sta/sta2htm.cfg'...
1 setup func 000 157 231 258
2 setup scan02 000 258
3 hold func 000 151 157 258
4 hold scan01 000 157 258

MODE: func setup
INFO: Parsing Timing Report Files (setup)...
INFO: uniq_end/func
FILTER: STA/$sta_mode/$corner_name/$sta_check.rpt*
INFO: STA/func/000_TT/setup.rpt
(1) 000	000	STA/func/000_TT/setup.rpt
	:   Report : constraint -path slack_only (Line# 2)
	:   max_delay/setup ('VCLK_APB' group)
	:   max_delay/setup ('VCLK_FLH' group)
	:   Path# 2 , Line# 20
	:   WNS = -21.70
	:   TNS = -25.70
	:   NVP = 2
	:   NMP = 0
	:   NWP = 0

INFO: Generating Slack Summary Report..
	: ========== ========== ========== ========== ==========================
	:        NVP     WAIVED      NVP-W        WNS PathGroup
	: ========== ========== ========== ========== ==========================
	:          1          0          1      -4.00  VCLK_APB
	:          1          0          1     -21.70  VCLK_FLH
FILTER: STA/$sta_mode/$corner_name/$sta_check.rpt*
INFO: STA/func/157_BC/setup.rpt
(2) 157	157	STA/func/157_BC/setup.rpt
	:   Report : constraint -path slack_only (Line# 2)
	:   Path# 0 , Line# 7
	:   WNS = 0.0
	:   TNS = 0.0
	:   NVP = 0
	:   NMP = 0
	:   NWP = 0

INFO: Generating Slack Summary Report..
	: ========== ========== ========== ========== ==========================
	:        NVP     WAIVED      NVP-W        WNS PathGroup
	: ========== ========== ========== ========== ==========================
FILTER: STA/$sta_mode/$corner_name/$sta_check.rpt*
INFO: STA/func/231_WCL/setup.rpt
(3) 231	231	STA/func/231_WCL/setup.rpt
	:   Report : constraint -path slack_only (Line# 2)
	:   max_delay/setup ('VCLK_APB' group)
	:   max_delay/setup ('VCLK_CAN' group)
	:   max_delay/setup ('VCLK_DO' group)
	:   max_delay/setup ('VCLK_FLH' group)
	:   Path# 5 , Line# 34
	:   WNS = -22.15
	:   TNS = -55.79
	:   NVP = 5
	:   NMP = 0
	:   NWP = 0

INFO: Generating Slack Summary Report..
	: ========== ========== ========== ========== ==========================
	:        NVP     WAIVED      NVP-W        WNS PathGroup
	: ========== ========== ========== ========== ==========================
	:          2          0          2     -22.15  VCLK_APB
	:          1          0          1      -6.49  VCLK_CAN
	:          1          0          1      -0.86  VCLK_DO
	:          1          0          1     -12.14  VCLK_FLH
FILTER: STA/$sta_mode/$corner_name/$sta_check.rpt*
INFO: STA/func/258_WC/setup.rpt
(4) 258	258	STA/func/258_WC/setup.rpt
	:   Report : constraint -path slack_only (Line# 2)
	:   max_delay/setup ('VCLK_APB' group)
	:   max_delay/setup ('VCLK_CAN' group)
	:   max_delay/setup ('VCLK_DO' group)
	:   Path# 3 , Line# 28
	:   WNS = -13.00
	:   TNS = -19.95
	:   NVP = 3
	:   NMP = 0
	:   NWP = 0

INFO: Generating Slack Summary Report..
	: ========== ========== ========== ========== ==========================
	:        NVP     WAIVED      NVP-W        WNS PathGroup
	: ========== ========== ========== ========== ==========================
	:          1          0          1     -13.00  VCLK_APB
	:          1          0          1      -6.09  VCLK_CAN
	:          1          0          1      -0.86  VCLK_DO
INFO: STA_CORNER(scan01,setup) is not defined...

MODE: scan02 setup
INFO: Parsing Timing Report Files (setup)...
INFO: uniq_end/scan02
FILTER: STA/$sta_mode/$corner_name/$sta_check.rpt*
INFO: STA/scan02/000_TT/setup.rpt
(1) 000	000	STA/scan02/000_TT/setup.rpt
	:   Report : constraint -path slack_only (Line# 2)
	:   max_delay/setup ('VCLK_APB' group)
	:   max_delay/setup ('VCLK_FLH' group)
	:   Path# 3 , Line# 21
	:   WNS = -21.70
	:   TNS = -30.70
	:   NVP = 3
	:   NMP = 0
	:   NWP = 0

INFO: Generating Slack Summary Report..
	: ========== ========== ========== ========== ==========================
	:        NVP     WAIVED      NVP-W        WNS PathGroup
	: ========== ========== ========== ========== ==========================
	:          2          0          2      -5.00  VCLK_APB
	:          1          0          1     -21.70  VCLK_FLH
FILTER: STA/$sta_mode/$corner_name/$sta_check.rpt*
INFO: STA/scan02/258_WC/setup.rpt
(2) 258	258	STA/scan02/258_WC/setup.rpt
	:   Report : constraint -path slack_only (Line# 2)
	:   max_delay/setup ('VCLK_APB' group)
	:   max_delay/setup ('VCLK_CAN' group)
	:   max_delay/setup ('VCLK_DO' group)
	:   max_delay/setup ('VCLK_FLH' group)
	:   Path# 3 , Line# 30
	:   WNS = -13.00
	:   TNS = -19.95
	:   NVP = 3
	:   NMP = 0
	:   NWP = 0

INFO: Generating Slack Summary Report..
	: ========== ========== ========== ========== ==========================
	:        NVP     WAIVED      NVP-W        WNS PathGroup
	: ========== ========== ========== ========== ==========================
	:          1          0          1     -13.00  VCLK_APB
	:          1          0          1      -6.09  VCLK_CAN
	:          1          0          1      -0.86  VCLK_DO
INFO(func): Merging slack files of multiple corners ...
(000)	: uniq_end/func/000/setup.vio
(157)	: uniq_end/func/157/setup.vio
(231)	: uniq_end/func/231/setup.vio
(258)	: uniq_end/func/258/setup.vio
INFO(func): Generating waived endpoint TEXT format report..
INFO(func): Generating unique endpoint TEXT format report..
INFO(func): Generating unique endpoint HTML format report..
INFO(func): Generating waived endpoint HTML format report..
INFO(func): 3 Clocks
INFO(func): 0 blocks
INFO: Generating Slack Summary Report..
	: ========== ========== ========== ========== ==========================
	:        NVP     WAIVED      NVP-W        WNS PathGroup
	: ========== ========== ========== ========== ==========================
	:          4          0          4     -22.15  VCLK_APB
	:          1          0          1      -6.49  VCLK_CAN
	:          1          0          1      -0.86  VCLK_DO
	:          2          0          2     -21.70  VCLK_FLH
INFO: Generating Violation Statistics Graph (uniq_end/func/setup)...
	:uniq_end/func/setup.nvp_wns.png
INFO(scan02): Merging slack files of multiple corners ...
(000)	: uniq_end/scan02/000/setup.vio
(258)	: uniq_end/scan02/258/setup.vio
INFO(scan02): Generating waived endpoint TEXT format report..
INFO(scan02): Generating unique endpoint TEXT format report..
INFO(scan02): Generating unique endpoint HTML format report..
INFO(scan02): Generating waived endpoint HTML format report..
INFO(scan02): 3 Clocks
INFO(scan02): 0 blocks
INFO: Generating Slack Summary Report..
	: ========== ========== ========== ========== ==========================
	:        NVP     WAIVED      NVP-W        WNS PathGroup
	: ========== ========== ========== ========== ==========================
	:          3          0          3     -13.00  VCLK_APB
	:          1          0          1      -6.09  VCLK_CAN
	:          1          0          1      -0.86  VCLK_DO
	:          1          0          1     -21.70  VCLK_FLH
INFO: Generating Violation Statistics Graph (uniq_end/scan02/setup)...
	:uniq_end/scan02/setup.nvp_wns.png

MODE: func hold
INFO: Parsing Timing Report Files (hold)...
INFO: uniq_end/func
FILTER: STA/$sta_mode/$corner_name/$sta_check.rpt*
INFO: STA/func/000_TT/hold.rpt
(1) 000	000	STA/func/000_TT/hold.rpt
	:   Report : constraint -path slack_only (Line# 2)
	:   min_delay/hold ('CLK_VIP' group)
	:   min_delay/hold ('CLK_VIP_DIV2' group)
	:   Path# 2 , Line# 23
	:   WNS = -24.21
	:   TNS = -35.82
	:   NVP = 2
	:   NMP = 0
	:   NWP = 0

INFO: Generating Slack Summary Report..
	: ========== ========== ========== ========== ==========================
	:        NVP     WAIVED      NVP-W        WNS PathGroup
	: ========== ========== ========== ========== ==========================
	:          1          0          1     -24.21  CLK_VIP
	:          1          0          1     -11.61  CLK_VIP_DIV2
FILTER: STA/$sta_mode/$corner_name/$sta_check.rpt*
INFO: STA/func/151_ML/hold.rpt
(2) 151	151	STA/func/151_ML/hold.rpt
	:   Report : constraint -path slack_only (Line# 2)
	:   min_delay/hold ('CLK_DI_ISP' group)
	:   min_delay/hold ('CLK_MCU' group)
	:   min_delay/hold ('CLK_VIDEO_DIV2_ISP' group)
	:   Path# 7 , Line# 32
	:   WNS = -1.77
	:   TNS = -6.17
	:   NVP = 7
	:   NMP = 0
	:   NWP = 0

INFO: Generating Slack Summary Report..
	: ========== ========== ========== ========== ==========================
	:        NVP     WAIVED      NVP-W        WNS PathGroup
	: ========== ========== ========== ========== ==========================
	:          1          0          1      -0.77  CLK_DI_ISP
	:          3          0          3      -0.93  CLK_MCU
	:          3          0          3      -1.77  CLK_VIDEO_DIV2_ISP
FILTER: STA/$sta_mode/$corner_name/$sta_check.rpt*
INFO: STA/func/157_BC/hold.rpt
(3) 157	157	STA/func/157_BC/hold.rpt
	:   Report : constraint -path slack_only (Line# 2)
	:   min_delay/hold ('clock_gating_default' group)
	:   min_delay/hold ('CLK_DI_ISP' group)
	:   min_delay/hold ('CLK_MCU' group)
	:   min_delay/hold ('CLK_VIDEO_DIV2_ISP' group)
	:   min_delay/hold ('CLK_VIDEO_ISP' group)
	:   min_delay/hold ('CLK_XTAL_MCU' group)
	:   Path# 10 , Line# 55
	:   WNS = -1.05
	:   TNS = -5.04
	:   NVP = 10
	:   NMP = 0
	:   NWP = 0

INFO: Generating Slack Summary Report..
	: ========== ========== ========== ========== ==========================
	:        NVP     WAIVED      NVP-W        WNS PathGroup
	: ========== ========== ========== ========== ==========================
	:          1          0          1      -1.05  **clock_gating_default**
	:          1          0          1      -0.72  CLK_DI_ISP
	:          2          0          2      -0.24  CLK_MCU
	:          2          0          2      -0.76  CLK_VIDEO_DIV2_ISP
	:          1          0          1      -0.72  CLK_VIDEO_ISP
	:          3          0          3      -0.55  CLK_XTAL_MCU
FILTER: STA/$sta_mode/$corner_name/$sta_check.rpt*
INFO: STA/func/258_WC/hold.rpt
(4) 258	258	STA/func/258_WC/hold.rpt
	:   Path# 0 , Line# 1
	:   WNS = 0.0
	:   TNS = 0.0
	:   NVP = 0
	:   NMP = 0
	:   NWP = 0

INFO: Generating Slack Summary Report..
	: ========== ========== ========== ========== ==========================
	:        NVP     WAIVED      NVP-W        WNS PathGroup
	: ========== ========== ========== ========== ==========================

MODE: scan01 hold
INFO: Parsing Timing Report Files (hold)...
INFO: uniq_end/scan01
FILTER: STA/$sta_mode/$corner_name/$sta_check.rpt*
INFO: STA/scan01/000_TT/hold.rpt
(1) 000	000	STA/scan01/000_TT/hold.rpt
	:   Report : constraint -path slack_only (Line# 2)
	:   Path# 0 , Line# 7
	:   WNS = 0.0
	:   TNS = 0.0
	:   NVP = 0
	:   NMP = 0
	:   NWP = 0

INFO: Generating Slack Summary Report..
	: ========== ========== ========== ========== ==========================
	:        NVP     WAIVED      NVP-W        WNS PathGroup
	: ========== ========== ========== ========== ==========================
FILTER: STA/$sta_mode/$corner_name/$sta_check.rpt*
INFO: STA/scan01/157_BC/hold.rpt
(2) 157	157	STA/scan01/157_BC/hold.rpt
	:   Report : constraint -path slack_only (Line# 2)
	:   Path# 0 , Line# 9
	:   WNS = 0.0
	:   TNS = 0.0
	:   NVP = 0
	:   NMP = 0
	:   NWP = 0

INFO: Generating Slack Summary Report..
	: ========== ========== ========== ========== ==========================
	:        NVP     WAIVED      NVP-W        WNS PathGroup
	: ========== ========== ========== ========== ==========================
FILTER: STA/$sta_mode/$corner_name/$sta_check.rpt*
INFO: STA/scan01/258_WC/hold.rpt
(3) 258	258	STA/scan01/258_WC/hold.rpt
	:   Path# 0 , Line# 1
	:   WNS = 0.0
	:   TNS = 0.0
	:   NVP = 0
	:   NMP = 0
	:   NWP = 0

INFO: Generating Slack Summary Report..
	: ========== ========== ========== ========== ==========================
	:        NVP     WAIVED      NVP-W        WNS PathGroup
	: ========== ========== ========== ========== ==========================
INFO: STA_CORNER(scan02,hold) is not defined...
INFO(func): Merging slack files of multiple corners ...
(000)	: uniq_end/func/000/hold.vio
(151)	: uniq_end/func/151/hold.vio
(157)	: uniq_end/func/157/hold.vio
(258)	: uniq_end/func/258/hold.vio
INFO(func): Generating waived endpoint TEXT format report..
INFO(func): Generating unique endpoint TEXT format report..
INFO(func): Generating unique endpoint HTML format report..
INFO(func): Generating waived endpoint HTML format report..
INFO(func): 0 Clocks
INFO(func): 0 blocks
INFO: Generating Slack Summary Report..
	: ========== ========== ========== ========== ==========================
	:        NVP     WAIVED      NVP-W        WNS PathGroup
	: ========== ========== ========== ========== ==========================
	:          1          0          1      -1.05  **clock_gating_default**
	:          1          0          1      -0.77  CLK_DI_ISP
	:          4          0          4      -0.93  CLK_MCU
	:          4          0          4      -1.77  CLK_VIDEO_DIV2_ISP
	:          1          0          1      -0.72  CLK_VIDEO_ISP
	:          1          0          1     -24.21  CLK_VIP
	:          1          0          1     -11.61  CLK_VIP_DIV2
	:          3          0          3      -0.55  CLK_XTAL_MCU
INFO: Generating Violation Statistics Graph (uniq_end/func/hold)...
	:uniq_end/func/hold.nvp_wns.png
INFO(scan01): Merging slack files of multiple corners ...
(000)	: uniq_end/scan01/000/hold.vio
(157)	: uniq_end/scan01/157/hold.vio
(258)	: uniq_end/scan01/258/hold.vio
INFO(scan01): Generating waived endpoint TEXT format report..
INFO(scan01): Generating unique endpoint TEXT format report..
INFO(scan01): Generating unique endpoint HTML format report..
INFO(scan01): Generating waived endpoint HTML format report..
INFO(scan01): 0 Clocks
INFO(scan01): 0 blocks
INFO: Generating Slack Summary Report..
	: ========== ========== ========== ========== ==========================
	:        NVP     WAIVED      NVP-W        WNS PathGroup
	: ========== ========== ========== ========== ==========================
INFO: Generating Violation Statistics Graph (uniq_end/scan01/hold)...
	:uniq_end/scan01/hold.nvp_wns.png
INFO: Generating STA Index HTML Files ...
INFO: Generating Mode Index HTML Files ...
INFO: Generating Mode Index Page (func) ...
INFO: Generating Mode Index Page (scan01) ...
INFO: Generating Mode Index Page (scan02) ...
INFO: Generating Check Index HTML Files ...
INFO: Generating Corner Index HTML Files ...
INFO: sta_uniq_end Done...
make[1]: Leaving directory '/home/ISSBG/GITHOME/sta2htm/run/02_trend/TRYRUN-0125'
