make[1]: Entering directory '/home/ISSBG/GITHOME/sta2htm/run/02_trend/GOLDEN-0124'
mkdir -p uniq_end
/home/ISSBG/GITHOME/sta2htm/bin/sta_uniq_end -sta_group uniq_end | tee uniq_end.log
INFO: Loading 'LIB_STA.tcl'...
###########################################################
# STA2HTM LIBRARY ver.2020.07                             #
###########################################################
INFO: STA2HTM = /home/ISSBG/GITHOME/sta2htm
INFO: Loading 'STA_CONFIG.tcl'...
INFO: Loading 'STA_HTML.tcl'...
INFO: Loading 'STA_CHART.tcl'...
INFO: Loading 'STA_CORNER.tcl'...
INFO: Loading 'LIB_WAIVE.tcl'...
INFO: Loading 'STA_PT.tcl'...
INFO: Loading 'STA_MERGE.tcl'...
INFO: Loading 'STA_HISTOGRAM.tcl'...
INFO: Loading 'STA_CLOCK.tcl'...
INFO: Loading 'STA_BLOCK.tcl'...
INFO: Loading 'STA_PLOT.tcl'...
INFO: Loading 'STA_COMP.tcl'...
INFO: Loading 'STA_TREND.tcl'...
INFO: Parsing Arguments..
STA_CURR_GROUP = uniq_end
INFO: Reading corner table file '.sta/sta2htm.corner'...
CORNER:  000 => 000_TT
CORNER:  151 => 151_ML
CORNER:  157 => 157_BC
CORNER:  231 => 231_WCL
CORNER:  258 => 258_WC
INFO: Total 5 corners.
INFO: Reading tcl variable file 'STA/.sta/sta2htm.cfg'...
INFO: Reading tcl variable file '.sta/sta2htm.cfg'...
1 setup func 000 157 231 258
2 setup scan02 000 258
3 hold func 000 151 157 258
4 hold scan01 000 157 258

MODE: func setup
INFO: Parsing Timing Report Files (setup)...
INFO: uniq_end/func
FILTER: STA/$sta_mode/$corner_name/$sta_check.rpt*
INFO: STA/func/000_TT/setup.rpt
(1) 000	000	STA/func/000_TT/setup.rpt
	:   Report : constraint -path slack_only (Line# 2)
	:   max_delay/setup ('VCLK_APB' group)
	:   max_delay/setup ('VCLK_FLH' group)
	:   Path# 5 , Line# 23
	:   WNS = -42.14
	:   TNS = -78.84
	:   NVP = 5
	:   NMP = 0
	:   NWP = 0

INFO: Generating Slack Summary Report..
	: ========== ========== ========== ========== ==========================
	:        NVP     WAIVED      NVP-W        WNS PathGroup
	: ========== ========== ========== ========== ==========================
	:          3          0          3      -6.00  VCLK_APB
	:          2          0          2     -42.14  VCLK_FLH
FILTER: STA/$sta_mode/$corner_name/$sta_check.rpt*
INFO: STA/func/157_BC/setup.rpt
(2) 157	157	STA/func/157_BC/setup.rpt
	:   Report : constraint -path slack_only (Line# 2)
	:   max_delay/setup ('VCLK_APB' group)
	:   Path# 1 , Line# 13
	:   WNS = -2.06
	:   TNS = -2.06
	:   NVP = 1
	:   NMP = 0
	:   NWP = 0

INFO: Generating Slack Summary Report..
	: ========== ========== ========== ========== ==========================
	:        NVP     WAIVED      NVP-W        WNS PathGroup
	: ========== ========== ========== ========== ==========================
	:          1          0          1      -2.06  VCLK_APB
FILTER: STA/$sta_mode/$corner_name/$sta_check.rpt*
INFO: STA/func/231_WCL/setup.rpt
(3) 231	231	STA/func/231_WCL/setup.rpt
	:   Report : constraint -path slack_only (Line# 2)
	:   max_delay/setup ('VCLK_APB' group)
	:   max_delay/setup ('VCLK_CAN' group)
	:   max_delay/setup ('VCLK_DO' group)
	:   max_delay/setup ('VCLK_FLH' group)
	:   Path# 11 , Line# 40
	:   WNS = -24.15
	:   TNS = -148.65
	:   NVP = 11
	:   NMP = 0
	:   NWP = 0

INFO: Generating Slack Summary Report..
	: ========== ========== ========== ========== ==========================
	:        NVP     WAIVED      NVP-W        WNS PathGroup
	: ========== ========== ========== ========== ==========================
	:          4          0          4     -24.15  VCLK_APB
	:          2          0          2     -14.56  VCLK_CAN
	:          3          0          3      -5.15  VCLK_DO
	:          2          0          2     -21.70  VCLK_FLH
FILTER: STA/$sta_mode/$corner_name/$sta_check.rpt*
INFO: STA/func/258_WC/setup.rpt
(4) 258	258	STA/func/258_WC/setup.rpt
	:   Report : constraint -path slack_only (Line# 2)
	:   max_delay/setup ('VCLK_APB' group)
	:   max_delay/setup ('VCLK_CAN' group)
	:   max_delay/setup ('VCLK_DO' group)
	:   max_delay/setup ('VCLK_FLH' group)
	:   Path# 7 , Line# 36
	:   WNS = -57.43
	:   TNS = -108.81
	:   NVP = 7
	:   NMP = 0
	:   NWP = 0

INFO: Generating Slack Summary Report..
	: ========== ========== ========== ========== ==========================
	:        NVP     WAIVED      NVP-W        WNS PathGroup
	: ========== ========== ========== ========== ==========================
	:          2          0          2     -14.00  VCLK_APB
	:          1          0          1      -6.09  VCLK_CAN
	:          3          0          3      -9.43  VCLK_DO
	:          1          0          1     -57.43  VCLK_FLH
INFO: STA_CORNER(scan01,setup) is not defined...

MODE: scan02 setup
INFO: Parsing Timing Report Files (setup)...
INFO: uniq_end/scan02
FILTER: STA/$sta_mode/$corner_name/$sta_check.rpt*
INFO: STA/scan02/000_TT/setup.rpt
(1) 000	000	STA/scan02/000_TT/setup.rpt
	:   Report : constraint -path slack_only (Line# 2)
	:   max_delay/setup ('VCLK_APB' group)
	:   max_delay/setup ('VCLK_FLH' group)
	:   Path# 5 , Line# 23
	:   WNS = -42.14
	:   TNS = -78.84
	:   NVP = 5
	:   NMP = 0
	:   NWP = 0

INFO: Generating Slack Summary Report..
	: ========== ========== ========== ========== ==========================
	:        NVP     WAIVED      NVP-W        WNS PathGroup
	: ========== ========== ========== ========== ==========================
	:          3          0          3      -6.00  VCLK_APB
	:          2          0          2     -42.14  VCLK_FLH
FILTER: STA/$sta_mode/$corner_name/$sta_check.rpt*
INFO: STA/scan02/258_WC/setup.rpt
(2) 258	258	STA/scan02/258_WC/setup.rpt
	:   Report : constraint -path slack_only (Line# 2)
	:   max_delay/setup ('VCLK_APB' group)
	:   max_delay/setup ('VCLK_CAN' group)
	:   max_delay/setup ('VCLK_DO' group)
	:   max_delay/setup ('VCLK_FLH' group)
	:   Path# 7 , Line# 36
	:   WNS = -57.43
	:   TNS = -108.81
	:   NVP = 7
	:   NMP = 0
	:   NWP = 0

INFO: Generating Slack Summary Report..
	: ========== ========== ========== ========== ==========================
	:        NVP     WAIVED      NVP-W        WNS PathGroup
	: ========== ========== ========== ========== ==========================
	:          2          0          2     -14.00  VCLK_APB
	:          1          0          1      -6.09  VCLK_CAN
	:          3          0          3      -9.43  VCLK_DO
	:          1          0          1     -57.43  VCLK_FLH
INFO(func): Merging slack files of multiple corners ...
(000)	: uniq_end/func/000/setup.vio
(157)	: uniq_end/func/157/setup.vio
(231)	: uniq_end/func/231/setup.vio
(258)	: uniq_end/func/258/setup.vio
INFO(func): Generating waived endpoint TEXT format report..
INFO(func): Generating unique endpoint TEXT format report..
INFO(func): Generating unique endpoint HTML format report..
INFO(func): Generating waived endpoint HTML format report..
INFO(func): 4 Clocks
INFO(func): 0 blocks
INFO: Generating Slack Summary Report..
	: ========== ========== ========== ========== ==========================
	:        NVP     WAIVED      NVP-W        WNS PathGroup
	: ========== ========== ========== ========== ==========================
	:          7          0          7     -24.15  VCLK_APB
	:          2          0          2     -14.56  VCLK_CAN
	:          5          0          5      -9.43  VCLK_DO
	:          4          0          4     -57.43  VCLK_FLH
INFO: Generating Violation Statistics Graph (uniq_end/func/setup)...
	:uniq_end/func/setup.nvp_wns.png
INFO(scan02): Merging slack files of multiple corners ...
(000)	: uniq_end/scan02/000/setup.vio
(258)	: uniq_end/scan02/258/setup.vio
INFO(scan02): Generating waived endpoint TEXT format report..
INFO(scan02): Generating unique endpoint TEXT format report..
INFO(scan02): Generating unique endpoint HTML format report..
INFO(scan02): Generating waived endpoint HTML format report..
INFO(scan02): 4 Clocks
INFO(scan02): 0 blocks
INFO: Generating Slack Summary Report..
	: ========== ========== ========== ========== ==========================
	:        NVP     WAIVED      NVP-W        WNS PathGroup
	: ========== ========== ========== ========== ==========================
	:          4          0          4     -14.00  VCLK_APB
	:          1          0          1      -6.09  VCLK_CAN
	:          3          0          3      -9.43  VCLK_DO
	:          3          0          3     -57.43  VCLK_FLH
INFO: Generating Violation Statistics Graph (uniq_end/scan02/setup)...
	:uniq_end/scan02/setup.nvp_wns.png

MODE: func hold
INFO: Parsing Timing Report Files (hold)...
INFO: uniq_end/func
FILTER: STA/$sta_mode/$corner_name/$sta_check.rpt*
INFO: STA/func/000_TT/hold.rpt
(1) 000	000	STA/func/000_TT/hold.rpt
	:   Report : constraint -path slack_only (Line# 2)
	:   min_delay/hold ('CLK_VIP' group)
	:   min_delay/hold ('CLK_VIP_DIV2' group)
	:   Path# 6 , Line# 27
	:   WNS = -44.21
	:   TNS = -140.46
	:   NVP = 6
	:   NMP = 0
	:   NWP = 0

INFO: Generating Slack Summary Report..
	: ========== ========== ========== ========== ==========================
	:        NVP     WAIVED      NVP-W        WNS PathGroup
	: ========== ========== ========== ========== ==========================
	:          3          0          3     -44.21  CLK_VIP
	:          3          0          3     -13.61  CLK_VIP_DIV2
FILTER: STA/$sta_mode/$corner_name/$sta_check.rpt*
INFO: STA/func/151_ML/hold.rpt
(2) 151	151	STA/func/151_ML/hold.rpt
	:   Report : constraint -path slack_only (Line# 2)
	:   min_delay/hold ('CLK_DI_ISP' group)
	:   min_delay/hold ('CLK_MCU' group)
	:   min_delay/hold ('CLK_VAE' group)
	:   min_delay/hold ('CLK_VIDEO_DIV2_ISP' group)
	:   min_delay/hold ('CLK_VIDEO_ISP' group)
	:   Path# 15 , Line# 49
	:   WNS = -1.77
	:   TNS = -13.25
	:   NVP = 15
	:   NMP = 0
	:   NWP = 0

INFO: Generating Slack Summary Report..
	: ========== ========== ========== ========== ==========================
	:        NVP     WAIVED      NVP-W        WNS PathGroup
	: ========== ========== ========== ========== ==========================
	:          3          0          3      -0.90  CLK_DI_ISP
	:          5          0          5      -1.33  CLK_MCU
	:          2          0          2      -0.58  CLK_VAE
	:          4          0          4      -1.77  CLK_VIDEO_DIV2_ISP
	:          1          0          1      -1.76  CLK_VIDEO_ISP
FILTER: STA/$sta_mode/$corner_name/$sta_check.rpt*
INFO: STA/func/157_BC/hold.rpt
(3) 157	157	STA/func/157_BC/hold.rpt
	:   Report : constraint -path slack_only (Line# 2)
	:   min_delay/hold ('clock_gating_default' group)
	:   min_delay/hold ('CLK_DI_ISP' group)
	:   min_delay/hold ('CLK_MCU' group)
	:   min_delay/hold ('CLK_VIDEO_DIV2_ISP' group)
	:   min_delay/hold ('CLK_VIDEO_ISP' group)
	:   min_delay/hold ('CLK_XTAL_MCU' group)
	:   Path# 17 , Line# 62
	:   WNS = -1.05
	:   TNS = -10.01
	:   NVP = 17
	:   NMP = 0
	:   NWP = 0

INFO: Generating Slack Summary Report..
	: ========== ========== ========== ========== ==========================
	:        NVP     WAIVED      NVP-W        WNS PathGroup
	: ========== ========== ========== ========== ==========================
	:          1          0          1      -1.05  **clock_gating_default**
	:          2          0          2      -0.76  CLK_DI_ISP
	:          3          0          3      -0.33  CLK_MCU
	:          3          0          3      -0.82  CLK_VIDEO_DIV2_ISP
	:          3          0          3      -0.82  CLK_VIDEO_ISP
	:          5          0          5      -0.87  CLK_XTAL_MCU
FILTER: STA/$sta_mode/$corner_name/$sta_check.rpt*
INFO: STA/func/258_WC/hold.rpt
(4) 258	258	STA/func/258_WC/hold.rpt
	:   Path# 0 , Line# 1
	:   WNS = 0.0
	:   TNS = 0.0
	:   NVP = 0
	:   NMP = 0
	:   NWP = 0

INFO: Generating Slack Summary Report..
	: ========== ========== ========== ========== ==========================
	:        NVP     WAIVED      NVP-W        WNS PathGroup
	: ========== ========== ========== ========== ==========================

MODE: scan01 hold
INFO: Parsing Timing Report Files (hold)...
INFO: uniq_end/scan01
FILTER: STA/$sta_mode/$corner_name/$sta_check.rpt*
INFO: STA/scan01/000_TT/hold.rpt
(1) 000	000	STA/scan01/000_TT/hold.rpt
	:   Report : constraint -path slack_only (Line# 2)
	:   min_delay/hold ('OCC4' group)
	:   Path# 2 , Line# 15
	:   WNS = -15.26
	:   TNS = -22.78
	:   NVP = 2
	:   NMP = 0
	:   NWP = 0

INFO: Generating Slack Summary Report..
	: ========== ========== ========== ========== ==========================
	:        NVP     WAIVED      NVP-W        WNS PathGroup
	: ========== ========== ========== ========== ==========================
	:          2          0          2     -15.26  OCC4
FILTER: STA/$sta_mode/$corner_name/$sta_check.rpt*
INFO: STA/scan01/157_BC/hold.rpt
(2) 157	157	STA/scan01/157_BC/hold.rpt
	:   Report : constraint -path slack_only (Line# 2)
	:   min_delay/hold ('OCC4' group)
	:   Path# 2 , Line# 15
	:   WNS = -55.26
	:   TNS = -80.52
	:   NVP = 2
	:   NMP = 0
	:   NWP = 0

INFO: Generating Slack Summary Report..
	: ========== ========== ========== ========== ==========================
	:        NVP     WAIVED      NVP-W        WNS PathGroup
	: ========== ========== ========== ========== ==========================
	:          2          0          2     -55.26  OCC4
FILTER: STA/$sta_mode/$corner_name/$sta_check.rpt*
INFO: STA/scan01/258_WC/hold.rpt
(3) 258	258	STA/scan01/258_WC/hold.rpt
	:   Path# 0 , Line# 0
	:   WNS = 0.0
	:   TNS = 0.0
	:   NVP = 0
	:   NMP = 0
	:   NWP = 0

INFO: Generating Slack Summary Report..
	: ========== ========== ========== ========== ==========================
	:        NVP     WAIVED      NVP-W        WNS PathGroup
	: ========== ========== ========== ========== ==========================
INFO: STA_CORNER(scan02,hold) is not defined...
INFO(func): Merging slack files of multiple corners ...
(000)	: uniq_end/func/000/hold.vio
(151)	: uniq_end/func/151/hold.vio
(157)	: uniq_end/func/157/hold.vio
(258)	: uniq_end/func/258/hold.vio
INFO(func): Generating waived endpoint TEXT format report..
INFO(func): Generating unique endpoint TEXT format report..
INFO(func): Generating unique endpoint HTML format report..
INFO(func): Generating waived endpoint HTML format report..
INFO(func): 0 Clocks
INFO(func): 1 blocks
INFO: Generating Slack Summary Report..
	: ========== ========== ========== ========== ==========================
	:        NVP     WAIVED      NVP-W        WNS PathGroup
	: ========== ========== ========== ========== ==========================
	:          1          0          1      -1.05  **clock_gating_default**
	:          3          0          3      -0.90  CLK_DI_ISP
	:          5          0          5      -1.33  CLK_MCU
	:          2          0          2      -0.58  CLK_VAE
	:          5          0          5      -1.77  CLK_VIDEO_DIV2_ISP
	:          3          0          3      -1.76  CLK_VIDEO_ISP
	:          3          0          3     -44.21  CLK_VIP
	:          3          0          3     -13.61  CLK_VIP_DIV2
	:          5          0          5      -0.87  CLK_XTAL_MCU
INFO: Generating Violation Statistics Graph (uniq_end/func/hold)...
	:uniq_end/func/hold.nvp_wns.png
INFO(scan01): Merging slack files of multiple corners ...
(000)	: uniq_end/scan01/000/hold.vio
(157)	: uniq_end/scan01/157/hold.vio
(258)	: uniq_end/scan01/258/hold.vio
INFO(scan01): Generating waived endpoint TEXT format report..
INFO(scan01): Generating unique endpoint TEXT format report..
INFO(scan01): Generating unique endpoint HTML format report..
INFO(scan01): Generating waived endpoint HTML format report..
INFO(scan01): 0 Clocks
INFO(scan01): 1 blocks
INFO: Generating Slack Summary Report..
	: ========== ========== ========== ========== ==========================
	:        NVP     WAIVED      NVP-W        WNS PathGroup
	: ========== ========== ========== ========== ==========================
	:          2          0          2     -55.26  OCC4
INFO: Generating Violation Statistics Graph (uniq_end/scan01/hold)...
	:uniq_end/scan01/hold.nvp_wns.png
INFO: Generating STA Index HTML Files ...
INFO: Generating Mode Index HTML Files ...
INFO: Generating Mode Index Page (func) ...
INFO: Generating Mode Index Page (scan01) ...
INFO: Generating Mode Index Page (scan02) ...
INFO: Generating Check Index HTML Files ...
INFO: Generating Corner Index HTML Files ...
INFO: sta_uniq_end Done...
make[1]: Leaving directory '/home/ISSBG/GITHOME/sta2htm/run/02_trend/GOLDEN-0124'
