GOLDEN-0122
└── uniq_end
    ├── func
    │   ├── hold
    │   │   ├── 000_TT
    │   │   ├── 151_ML
    │   │   ├── 157_BC
    │   │   └── 258_WC
    │   ├── index.htm
    │   └── setup
    │       ├── 000_TT
    │       ├── 231_WCL
    │       └── 258_WC
    ├── index.htm
    └── scan
        ├── hold
        │   ├── 000_TT
        │   └── 157_BC
        └── index.htm
GOLDEN-0123
└── uniq_end
    ├── func
    │   ├── hold
    │   │   ├── 000_TT
    │   │   ├── 151_ML
    │   │   ├── 157_BC
    │   │   └── 258_WC
    │   ├── index.htm
    │   └── setup
    │       ├── 000_TT
    │       ├── 231_WCL
    │       └── 258_WC
    ├── index.htm
    └── scan
        ├── hold
        │   ├── 000_TT
        │   └── 157_BC
        └── index.htm
GOLDEN-0124
└── uniq_end
    ├── func
    │   ├── hold
    │   │   ├── 000_TT
    │   │   ├── 151_ML
    │   │   └── 157_BC
    │   ├── index.htm
    │   └── setup
    │       ├── 000_TT
    │       ├── 157_BC
    │       ├── 231_WCL
    │       └── 258_WC
    ├── index.htm
    └── scan
        ├── hold
        │   ├── 000_TT
        │   └── 157_BC
        └── index.htm

45 directories, 9 files
