****************************************
Report : constraint
        -all_violators
        -path slack_only
Design : top
****************************************


   max_delay/setup ('VCLK_APB' group)

   Endpoint                                                  Slack
   -----------------------------------------------------------------
   pad_gpio_pa[3]                                         -0.02415  (VIOLATED)
   pad_gpio_pa[4]                                         -0.02315  (VIOLATED)
   pad_gpio_pa[5]                                         -0.02215  (VIOLATED)
   pad_gpio_pa[6]                                         -0.02115  (VIOLATED)
   pad_gpio_pa[7]                                         -0.01415  (VIOLATED)
   pad_gpio_pa[8]                                         -0.01415  (VIOLATED)
   pad_gpio_pa[9]                                         -0.01415  (VIOLATED)

   max_delay/setup ('VCLK_CAN' group)

   Endpoint                                                  Slack
   -----------------------------------------------------------------
   pad_can_txd                                            -0.01456  (VIOLATED)
   pad_can_stby                                           -0.00649  (VIOLATED)

   max_delay/setup ('VCLK_DO' group)

   Endpoint                                                  Slack
   -----------------------------------------------------------------
   pad_do_data[2]                                         -0.00515  (VIOLATED)
   pad_do_data[1]                                         -0.00415  (VIOLATED)
   pad_do_data[0]                                         -0.00400  (VIOLATED)
   pad_do_data[13]                                        -0.00292  (VIOLATED)
   pad_do_data[12]                                        -0.00086  (VIOLATED)

   max_delay/setup ('VCLK_FLH' group)

   Endpoint                                                  Slack
   -----------------------------------------------------------------
   pad_sflash_io[1]                                       -0.02170  (VIOLATED)
   pad_sflash_io[5]                                       -0.01214  (VIOLATED)


