****************************************
Report : constraint
        -all_violators
        -path slack_only
Design : top
****************************************


   max_delay/setup ('VCLK_APB' group)

   Endpoint                                                  Slack
   -----------------------------------------------------------------
   pad_gpio_pa[5]                                         -0.02215  (VIOLATED)
   pad_gpio_pa[8]                                         -0.01415  (VIOLATED)

   max_delay/setup ('VCLK_CAN' group)

   Endpoint                                                  Slack
   -----------------------------------------------------------------
   pad_can_stby                                           -0.00649  (VIOLATED)

   max_delay/setup ('VCLK_DO' group)

   Endpoint                                                  Slack
   -----------------------------------------------------------------
   pad_do_data[12]                                        -0.00086  (VIOLATED)

   max_delay/setup ('VCLK_FLH' group)

   Endpoint                                                  Slack
   -----------------------------------------------------------------
   pad_sflash_io[5]                                       -0.01214  (VIOLATED)


