****************************************
Report : constraint
 -all_violators
 -path slack_only
Design : top
****************************************



   min_delay/hold ('CLK_DI_ISP' group)

   Endpoint                                                  Slack
   -----------------------------------------------------------------
   u_core/u_isp_top/u_r_lscram/sram_512x24_u_sram_512x24/A[5] -0.00077 (VIOLATED)

   min_delay/hold ('CLK_MCU' group)

   Endpoint                                                  Slack
   -----------------------------------------------------------------
   u_core/u_ful_regd_slice/payload_reg_b_reg_47_/D -0.00093 (VIOLATED)
   u_core/u_rev_regd_slice/payload_reg_reg_36_/D -0.00078 (VIOLATED)
   u_core/u_ful_regd_slice/payload_reg_a_reg_23_/D -0.00047 (VIOLATED)

   min_delay/hold ('CLK_VIDEO_DIV2_ISP' group)

   Endpoint                                                  Slack
   -----------------------------------------------------------------
   u_core/u_isp_top/rf_128x19_u_rf_128x19/A[2] -0.00177 (VIOLATED)
   u_core/u_isp_top/u_r_lscram/sram_512x24_u_sram_512x24/A[2] -0.00075 (VIOLATED)
   u_core/u_isp_top/u_r_lscram/sram_512x24_u_sram_512x24/A[3] -0.00070 (VIOLATED)


