make[1]: Entering directory '/home/toolsadm/GITHOME/sta2htm/run/01_sta'
tree -P *.htm GOLDEN-1114 
GOLDEN-1114
└── uniq_end
    ├── check.htm
    ├── corner.htm
    ├── func
    │   ├── hold
    │   │   ├── 000_TT.blk.htm
    │   │   ├── 000_TT.clk.htm
    │   │   ├── 151_ML.blk.htm
    │   │   ├── 151_ML.clk.htm
    │   │   ├── 157_BC.blk.htm
    │   │   ├── 157_BC.clk.htm
    │   │   ├── 258_WC.blk.htm
    │   │   └── 258_WC.clk.htm
    │   ├── hold.blk.htm
    │   ├── hold.clk.htm
    │   ├── hold.htm
    │   ├── hold.uniq_end.htm
    │   ├── hold.waive_end.htm
    │   ├── index.htm
    │   ├── setup
    │   │   ├── 000_TT.blk.htm
    │   │   ├── 000_TT.clk.htm
    │   │   ├── 157_BC.blk.htm
    │   │   ├── 157_BC.clk.htm
    │   │   ├── 258_WC.blk.htm
    │   │   └── 258_WC.clk.htm
    │   ├── setup.blk.htm
    │   ├── setup.clk.htm
    │   ├── setup.htm
    │   ├── setup.uniq_end.htm
    │   └── setup.waive_end.htm
    ├── hold.htm
    ├── index.htm
    ├── mode.htm
    ├── scan
    │   ├── hold
    │   │   ├── 000_TT.blk.htm
    │   │   ├── 000_TT.clk.htm
    │   │   ├── 151_ML.blk.htm
    │   │   └── 151_ML.clk.htm
    │   ├── hold.blk.htm
    │   ├── hold.clk.htm
    │   ├── hold.htm
    │   ├── hold.uniq_end.htm
    │   ├── hold.waive_end.htm
    │   └── index.htm
    └── setup.htm

6 directories, 41 files
make[1]: Leaving directory '/home/toolsadm/GITHOME/sta2htm/run/01_sta'
