****************************************
Report : constraint
        -all_violators
        -path slack_only
Design : top
****************************************


   max_delay/setup ('VCLK_APB' group)

   Endpoint                                                  Slack
   -----------------------------------------------------------------
   pad_gpio_pa[2]                                         -0.01500  (VIOLATED)
   pad_gpio_pa[3]                                         -0.01400  (VIOLATED)
   pad_gpio_pa[4]                                         -0.01300  (VIOLATED)
   pad_gpio_pa[5]                                         -0.01200  (VIOLATED)
   pad_gpio_pa[9]                                         -0.00415  (VIOLATED)
   pad_gpio_pa[11]                                        -0.00404  (VIOLATED)
   pad_gpio_pa[12]                                        -0.00300  (VIOLATED)

   max_delay/setup ('VCLK_CAN' group)

   Endpoint                                                  Slack
   -----------------------------------------------------------------
   pad_can_txd                                            -0.01456  (VIOLATED)
   pad_can_stby                                           -0.00609  (VIOLATED)

   max_delay/setup ('VCLK_DO' group)

   Endpoint                                                  Slack
   -----------------------------------------------------------------
   pad_do_hs                                              -0.00943  (VIOLATED)
   pad_do_data[6]                                         -0.00800  (VIOLATED)
   pad_do_data[5]                                         -0.00700  (VIOLATED)
   pad_do_data[13]                                        -0.00292  (VIOLATED)
   pad_do_data[12]                                        -0.00086  (VIOLATED)

   max_delay/setup ('VCLK_FLH' group)

   Endpoint                                                  Slack
   -----------------------------------------------------------------
   pad_sflash_io[2]                                       -0.05743  (VIOLATED)


